#
# There is insufficient memory for the Java Runtime Environment to continue.
# Native memory allocation (malloc) failed to allocate 1068176 bytes for Chunk::new
# Possible reasons:
#   The system is out of physical RAM or swap space
#   The process is running with CompressedOops enabled, and the Java Heap may be blocking the growth of the native heap
# Possible solutions:
#   Reduce memory load on the system
#   Increase physical memory or swap space
#   Check if swap backing store is full
#   Decrease Java heap size (-Xmx/-Xms)
#   Decrease number of Java threads
#   Decrease Java thread stack sizes (-Xss)
#   Set larger code cache with -XX:ReservedCodeCacheSize=
#   JVM is running with Unscaled Compressed Oops mode in which the Java heap is
#     placed in the first 4GB address space. The Java Heap base address is the
#     maximum limit for the native heap growth. Please use -XX:HeapBaseMinAddress
#     to set the Java Heap base and to place the Java Heap above 4GB virtual address.
# This output file may be truncated or incomplete.
#
#  Out of Memory Error (./src/hotspot/share/memory/arena.cpp:197), pid=13484, tid=21256
#
# JRE version: OpenJDK Runtime Environment Corretto-11.0.11.9.1 (11.0.11+9) (build 11.0.11+9-LTS)
# Java VM: OpenJDK 64-Bit Server VM Corretto-11.0.11.9.1 (11.0.11+9-LTS, mixed mode, tiered, compressed oops, g1 gc, windows-amd64)
# No core dump will be written. Minidumps are not enabled by default on client versions of Windows
#

---------------  S U M M A R Y ------------

Command Line: --add-opens=java.base/java.util=ALL-UNNAMED --add-opens=java.base/java.lang=ALL-UNNAMED --add-opens=java.base/java.lang.invoke=ALL-UNNAMED --add-opens=java.prefs/java.util.prefs=ALL-UNNAMED -Xmx2048m -Dfile.encoding=UTF-8 -Duser.country=RU -Duser.language=ru -Duser.variant org.gradle.launcher.daemon.bootstrap.GradleDaemon 6.5

Host: AMD Ryzen 5 4600HS with Radeon Graphics         , 12 cores, 15G,  Windows 10 , 64 bit Build 22621 (10.0.22621.1)
Time: Sat May 28 23:21:55 2022 RTZ 2 (зима) elapsed time: 31.718144 seconds (0d 0h 0m 31s)

---------------  T H R E A D  ---------------

Current thread (0x000001d234d7e800):  JavaThread "C2 CompilerThread2" daemon [_thread_in_native, id=21256, stack(0x0000001b65800000,0x0000001b65900000)]


Current CompileTask:
C2:  31718 9815   !   4       org.gradle.internal.instantiation.generator.AsmBackedClassGenerator$InvokeConstructorStrategy::newInstance (66 bytes)

Stack: [0x0000001b65800000,0x0000001b65900000]
Native frames: (J=compiled Java code, j=interpreted, Vv=VM code, C=native code)
V  [jvm.dll+0x5f867a]
V  [jvm.dll+0x78124e]
V  [jvm.dll+0x78291f]
V  [jvm.dll+0x782fe3]
V  [jvm.dll+0x246e88]
V  [jvm.dll+0xbe2ac]
V  [jvm.dll+0xbe9ac]
V  [jvm.dll+0x34c7e7]
V  [jvm.dll+0x198d59]
V  [jvm.dll+0x200ad2]
V  [jvm.dll+0x1ffbaf]
V  [jvm.dll+0x184b4c]
V  [jvm.dll+0x20ee67]
V  [jvm.dll+0x20d04b]
V  [jvm.dll+0x745629]
V  [jvm.dll+0x73e694]
V  [jvm.dll+0x5f74f6]
C  [ucrtbase.dll+0x29363]
C  [KERNEL32.DLL+0x1244d]
C  [ntdll.dll+0x5df88]


---------------  P R O C E S S  ---------------

Threads class SMR info:
_java_thread_list=0x000001d22fbcb1d0, length=162, elements={
0x000001d20ae7b000, 0x000001d22abc9000, 0x000001d22abd3800, 0x000001d22abeb000,
0x000001d22abec000, 0x000001d22abef000, 0x000001d22ac38000, 0x000001d22ac39800,
0x000001d22ac4f000, 0x000001d22ada9800, 0x000001d22c748800, 0x000001d22c22e800,
0x000001d22c283800, 0x000001d22c188800, 0x000001d22aef4000, 0x000001d22c281000,
0x000001d22bd91800, 0x000001d22ca82800, 0x000001d22cdaf800, 0x000001d22cc82000,
0x000001d22cc82800, 0x000001d22cc83800, 0x000001d22cc81000, 0x000001d22cc84800,
0x000001d22cc85000, 0x000001d22cc86000, 0x000001d22cc80800, 0x000001d22cc87000,
0x000001d22f885800, 0x000001d22f888000, 0x000001d22f883000, 0x000001d22f886000,
0x000001d22f887000, 0x000001d22f884000, 0x000001d22f882000, 0x000001d22f888800,
0x000001d22f889800, 0x000001d22f88a800, 0x000001d22f884800, 0x000001d22f890000,
0x000001d22f88e800, 0x000001d22f88f000, 0x000001d22f88c000, 0x000001d22f88d800,
0x000001d22f891000, 0x000001d22f88b000, 0x000001d22f88d000, 0x000001d22f63e800,
0x000001d22f641000, 0x000001d22f643000, 0x000001d22f642000, 0x000001d22f63e000,
0x000001d22f64a000, 0x000001d22f645000, 0x000001d22f646000, 0x000001d22f647000,
0x000001d22f644800, 0x000001d22f647800, 0x000001d22f648800, 0x000001d22f649800,
0x000001d22f64b000, 0x000001d22f64c000, 0x000001d22f64c800, 0x000001d23074d800,
0x000001d23074f800, 0x000001d230751000, 0x000001d230750000, 0x000001d23074e800,
0x000001d230754800, 0x000001d230752000, 0x000001d230752800, 0x000001d230757800,
0x000001d230758800, 0x000001d230756000, 0x000001d230756800, 0x000001d230759000,
0x000001d230753800, 0x000001d23075b000, 0x000001d23075a000, 0x000001d230755000,
0x000001d23075b800, 0x000001d23075c800, 0x000001d22bad0800, 0x000001d22bacf800,
0x000001d22bacc000, 0x000001d22bacb800, 0x000001d22bace800, 0x000001d22baca800,
0x000001d22bad3000, 0x000001d22bacd000, 0x000001d22bad2000, 0x000001d22bad3800,
0x000001d22bace000, 0x000001d22bad7000, 0x000001d22bad4800, 0x000001d22bad1000,
0x000001d22bad6000, 0x000001d22bad7800, 0x000001d22bad5000, 0x000001d22bad9800,
0x000001d22bad8800, 0x000001d22f78e000, 0x000001d22f78c800, 0x000001d22f78f000,
0x000001d22f78d800, 0x000001d22f78b000, 0x000001d22f790000, 0x000001d22f78a000,
0x000001d22f790800, 0x000001d22f791800, 0x000001d22f78b800, 0x000001d22f796800,
0x000001d22f795800, 0x000001d22f797000, 0x000001d22f794000, 0x000001d22f793000,
0x000001d22f798000, 0x000001d22f792000, 0x000001d22f798800, 0x000001d22f794800,
0x000001d22c5be000, 0x000001d22c5c0800, 0x000001d22c5bb800, 0x000001d22c5be800,
0x000001d22c5bf800, 0x000001d22c5bd000, 0x000001d22c5c1000, 0x000001d22c5c2000,
0x000001d22c5bc800, 0x000001d22c5c3800, 0x000001d22c5c5800, 0x000001d22c5c8800,
0x000001d22c5c7800, 0x000001d22c5c4800, 0x000001d22c5c3000, 0x000001d22c5c6000,
0x000001d22c5c9800, 0x000001d22c5ca000, 0x000001d22c5c7000, 0x000001d22ee87000,
0x000001d22ee86800, 0x000001d22ee85800, 0x000001d22ee82800, 0x000001d22ee84000,
0x000001d22ee81800, 0x000001d22ee88000, 0x000001d22ee83000, 0x000001d22ee89800,
0x000001d22ee8a800, 0x000001d22ee85000, 0x000001d22ee8b800, 0x000001d22ee8d800,
0x000001d22ee8c000, 0x000001d22ee8d000, 0x000001d22ee8e800, 0x000001d22ee89000,
0x000001d22ee8f800, 0x000001d22ee90000, 0x000001d22fb8b800, 0x000001d22fb88800,
0x000001d23292b800, 0x000001d234d7e800
}

Java Threads: ( => current thread )
  0x000001d20ae7b000 JavaThread "main" [_thread_blocked, id=12884, stack(0x0000001b65a00000,0x0000001b65b00000)]
  0x000001d22abc9000 JavaThread "Reference Handler" daemon [_thread_blocked, id=16632, stack(0x0000001b66100000,0x0000001b66200000)]
  0x000001d22abd3800 JavaThread "Finalizer" daemon [_thread_blocked, id=24988, stack(0x0000001b66200000,0x0000001b66300000)]
  0x000001d22abeb000 JavaThread "Signal Dispatcher" daemon [_thread_blocked, id=18428, stack(0x0000001b66300000,0x0000001b66400000)]
  0x000001d22abec000 JavaThread "Attach Listener" daemon [_thread_blocked, id=6748, stack(0x0000001b66400000,0x0000001b66500000)]
  0x000001d22abef000 JavaThread "Service Thread" daemon [_thread_blocked, id=11232, stack(0x0000001b66500000,0x0000001b66600000)]
  0x000001d22ac38000 JavaThread "C2 CompilerThread0" daemon [_thread_in_native, id=20404, stack(0x0000001b66600000,0x0000001b66700000)]
  0x000001d22ac39800 JavaThread "C1 CompilerThread0" daemon [_thread_in_native, id=19944, stack(0x0000001b66700000,0x0000001b66800000)]
  0x000001d22ac4f000 JavaThread "Sweeper thread" daemon [_thread_blocked, id=17788, stack(0x0000001b66800000,0x0000001b66900000)]
  0x000001d22ada9800 JavaThread "Common-Cleaner" daemon [_thread_blocked, id=14612, stack(0x0000001b66900000,0x0000001b66a00000)]
  0x000001d22c748800 JavaThread "Daemon health stats" [_thread_blocked, id=19880, stack(0x0000001b67000000,0x0000001b67100000)]
  0x000001d22c22e800 JavaThread "Incoming local TCP Connector on port 62419" [_thread_in_native, id=10060, stack(0x0000001b67200000,0x0000001b67300000)]
  0x000001d22c283800 JavaThread "Daemon periodic checks" [_thread_blocked, id=2312, stack(0x0000001b67300000,0x0000001b67400000)]
  0x000001d22c188800 JavaThread "Daemon" [_thread_blocked, id=19776, stack(0x0000001b67400000,0x0000001b67500000)]
  0x000001d22aef4000 JavaThread "Handler for socket connection from /127.0.0.1:62419 to /127.0.0.1:62421" [_thread_in_native, id=884, stack(0x0000001b67500000,0x0000001b67600000)]
  0x000001d22c281000 JavaThread "Cancel handler" [_thread_blocked, id=18860, stack(0x0000001b67700000,0x0000001b67800000)]
  0x000001d22bd91800 JavaThread "Daemon worker" [_thread_blocked, id=11916, stack(0x0000001b67800000,0x0000001b67900000)]
  0x000001d22ca82800 JavaThread "Asynchronous log dispatcher for DefaultDaemonConnection: socket connection from /127.0.0.1:62419 to /127.0.0.1:62421" [_thread_blocked, id=10604, stack(0x0000001b67900000,0x0000001b67a00000)]
  0x000001d22cdaf800 JavaThread "Stdin handler" [_thread_blocked, id=20816, stack(0x0000001b67a00000,0x0000001b67b00000)]
  0x000001d22cc82000 JavaThread "Thread-8" [_thread_blocked, id=10132, stack(0x0000001b67b00000,0x0000001b67c00000)]
  0x000001d22cc82800 JavaThread "Cache worker for journal cache (C:\Users\murad\.gradle\caches\journal-1)" [_thread_blocked, id=3596, stack(0x0000001b67600000,0x0000001b67700000)]
  0x000001d22cc83800 JavaThread "File lock request listener" [_thread_in_native, id=20068, stack(0x0000001b67c00000,0x0000001b67d00000)]
  0x000001d22cc81000 JavaThread "Cache worker for file hash cache (C:\Users\murad\.gradle\caches\6.5\fileHashes)" [_thread_blocked, id=19940, stack(0x0000001b67d00000,0x0000001b67e00000)]
  0x000001d22cc84800 JavaThread "Cache worker for file hash cache (D:\GoogleDisk\Main\HAK_count\OLDs\helper\.gradle\6.5\fileHashes)" [_thread_blocked, id=19560, stack(0x0000001b68700000,0x0000001b68800000)]
  0x000001d22cc85000 JavaThread "jar transforms" [_thread_blocked, id=21912, stack(0x0000001b68800000,0x0000001b68900000)]
  0x000001d22cc86000 JavaThread "jar transforms Thread 2" [_thread_blocked, id=23268, stack(0x0000001b68900000,0x0000001b68a00000)]
  0x000001d22cc80800 JavaThread "jar transforms Thread 3" [_thread_blocked, id=20468, stack(0x0000001b68a00000,0x0000001b68b00000)]
  0x000001d22cc87000 JavaThread "jar transforms Thread 4" [_thread_blocked, id=23656, stack(0x0000001b68b00000,0x0000001b68c00000)]
  0x000001d22f885800 JavaThread "jar transforms Thread 5" [_thread_blocked, id=8804, stack(0x0000001b68c00000,0x0000001b68d00000)]
  0x000001d22f888000 JavaThread "jar transforms Thread 6" [_thread_blocked, id=4700, stack(0x0000001b68d00000,0x0000001b68e00000)]
  0x000001d22f883000 JavaThread "jar transforms Thread 7" [_thread_blocked, id=8564, stack(0x0000001b68e00000,0x0000001b68f00000)]
  0x000001d22f886000 JavaThread "jar transforms Thread 8" [_thread_blocked, id=10136, stack(0x0000001b68f00000,0x0000001b69000000)]
  0x000001d22f887000 JavaThread "jar transforms Thread 9" [_thread_blocked, id=860, stack(0x0000001b69000000,0x0000001b69100000)]
  0x000001d22f884000 JavaThread "jar transforms Thread 10" [_thread_blocked, id=2872, stack(0x0000001b69100000,0x0000001b69200000)]
  0x000001d22f882000 JavaThread "jar transforms Thread 11" [_thread_blocked, id=19044, stack(0x0000001b69200000,0x0000001b69300000)]
  0x000001d22f888800 JavaThread "jar transforms Thread 12" [_thread_blocked, id=2908, stack(0x0000001b69300000,0x0000001b69400000)]
  0x000001d22f889800 JavaThread "jar transforms Thread 13" [_thread_blocked, id=4792, stack(0x0000001b69400000,0x0000001b69500000)]
  0x000001d22f88a800 JavaThread "jar transforms Thread 14" [_thread_blocked, id=18940, stack(0x0000001b69500000,0x0000001b69600000)]
  0x000001d22f884800 JavaThread "jar transforms Thread 15" [_thread_blocked, id=11396, stack(0x0000001b69600000,0x0000001b69700000)]
  0x000001d22f890000 JavaThread "jar transforms Thread 16" [_thread_blocked, id=23020, stack(0x0000001b69700000,0x0000001b69800000)]
  0x000001d22f88e800 JavaThread "jar transforms Thread 17" [_thread_blocked, id=11840, stack(0x0000001b69800000,0x0000001b69900000)]
  0x000001d22f88f000 JavaThread "jar transforms Thread 18" [_thread_blocked, id=20292, stack(0x0000001b69900000,0x0000001b69a00000)]
  0x000001d22f88c000 JavaThread "jar transforms Thread 19" [_thread_blocked, id=24976, stack(0x0000001b69a00000,0x0000001b69b00000)]
  0x000001d22f88d800 JavaThread "jar transforms Thread 20" [_thread_blocked, id=5696, stack(0x0000001b69b00000,0x0000001b69c00000)]
  0x000001d22f891000 JavaThread "jar transforms Thread 21" [_thread_blocked, id=20972, stack(0x0000001b69c00000,0x0000001b69d00000)]
  0x000001d22f88b000 JavaThread "jar transforms Thread 22" [_thread_blocked, id=24712, stack(0x0000001b69d00000,0x0000001b69e00000)]
  0x000001d22f88d000 JavaThread "Cache worker for checksums cache (D:\GoogleDisk\Main\HAK_count\OLDs\helper\.gradle\checksums)" [_thread_blocked, id=24052, stack(0x0000001b68500000,0x0000001b68600000)]
  0x000001d22f63e800 JavaThread "Cache worker for cache directory md-supplier (C:\Users\murad\.gradle\caches\6.5\md-supplier)" [_thread_blocked, id=1712, stack(0x0000001b68600000,0x0000001b68700000)]
  0x000001d22f641000 JavaThread "Cache worker for cache directory md-rule (C:\Users\murad\.gradle\caches\6.5\md-rule)" [_thread_blocked, id=4608, stack(0x0000001b69e00000,0x0000001b69f00000)]
  0x000001d22f643000 JavaThread "Cache worker for execution history cache (C:\Users\murad\.gradle\caches\6.5\executionHistory)" [_thread_blocked, id=13452, stack(0x0000001b6a000000,0x0000001b6a100000)]
  0x000001d22f642000 JavaThread "Cache worker for file content cache (C:\Users\murad\.gradle\caches\6.5\fileContent)" [_thread_blocked, id=8896, stack(0x0000001b6a100000,0x0000001b6a200000)]
  0x000001d22f63e000 JavaThread "Cache worker for Build Output Cleanup Cache (D:\GoogleDisk\Main\HAK_count\OLDs\helper\.gradle\buildOutputCleanup)" [_thread_blocked, id=11512, stack(0x0000001b6a300000,0x0000001b6a400000)]
  0x000001d22f64a000 JavaThread "Build operations" [_thread_blocked, id=22692, stack(0x0000001b69f00000,0x0000001b6a000000)]
  0x000001d22f645000 JavaThread "Build operations Thread 2" [_thread_blocked, id=12312, stack(0x0000001b6a200000,0x0000001b6a300000)]
  0x000001d22f646000 JavaThread "Build operations Thread 3" [_thread_blocked, id=8956, stack(0x0000001b6a400000,0x0000001b6a500000)]
  0x000001d22f647000 JavaThread "Build operations Thread 4" [_thread_blocked, id=23672, stack(0x0000001b6a500000,0x0000001b6a600000)]
  0x000001d22f644800 JavaThread "Build operations Thread 5" [_thread_blocked, id=24960, stack(0x0000001b6a700000,0x0000001b6a800000)]
  0x000001d22f647800 JavaThread "Build operations Thread 6" [_thread_blocked, id=24308, stack(0x0000001b6a800000,0x0000001b6a900000)]
  0x000001d22f648800 JavaThread "Build operations Thread 7" [_thread_blocked, id=9264, stack(0x0000001b6a900000,0x0000001b6aa00000)]
  0x000001d22f649800 JavaThread "Build operations Thread 8" [_thread_blocked, id=12424, stack(0x0000001b6aa00000,0x0000001b6ab00000)]
  0x000001d22f64b000 JavaThread "Build operations Thread 9" [_thread_blocked, id=22196, stack(0x0000001b6ab00000,0x0000001b6ac00000)]
  0x000001d22f64c000 JavaThread "Build operations Thread 10" [_thread_blocked, id=22132, stack(0x0000001b6ac00000,0x0000001b6ad00000)]
  0x000001d22f64c800 JavaThread "Build operations Thread 11" [_thread_blocked, id=2340, stack(0x0000001b6ad00000,0x0000001b6ae00000)]
  0x000001d23074d800 JavaThread "Build operations Thread 12" [_thread_blocked, id=11068, stack(0x0000001b6ae00000,0x0000001b6af00000)]
  0x000001d23074f800 JavaThread "jar transforms Thread 23" [_thread_blocked, id=4708, stack(0x0000001b6a600000,0x0000001b6a700000)]
  0x000001d230751000 JavaThread "jar transforms Thread 24" [_thread_blocked, id=21160, stack(0x0000001b6af00000,0x0000001b6b000000)]
  0x000001d230750000 JavaThread "jar transforms Thread 25" [_thread_blocked, id=796, stack(0x0000001b6b000000,0x0000001b6b100000)]
  0x000001d23074e800 JavaThread "jar transforms Thread 26" [_thread_blocked, id=21032, stack(0x0000001b6b100000,0x0000001b6b200000)]
  0x000001d230754800 JavaThread "jar transforms Thread 27" [_thread_blocked, id=22932, stack(0x0000001b6b200000,0x0000001b6b300000)]
  0x000001d230752000 JavaThread "jar transforms Thread 28" [_thread_blocked, id=19048, stack(0x0000001b6b300000,0x0000001b6b400000)]
  0x000001d230752800 JavaThread "jar transforms Thread 29" [_thread_blocked, id=10860, stack(0x0000001b6b400000,0x0000001b6b500000)]
  0x000001d230757800 JavaThread "jar transforms Thread 30" [_thread_blocked, id=18904, stack(0x0000001b6b500000,0x0000001b6b600000)]
  0x000001d230758800 JavaThread "jar transforms Thread 31" [_thread_blocked, id=19232, stack(0x0000001b6b600000,0x0000001b6b700000)]
  0x000001d230756000 JavaThread "jar transforms Thread 32" [_thread_blocked, id=23332, stack(0x0000001b6b700000,0x0000001b6b800000)]
  0x000001d230756800 JavaThread "jar transforms Thread 33" [_thread_blocked, id=25388, stack(0x0000001b6b800000,0x0000001b6b900000)]
  0x000001d230759000 JavaThread "jar transforms Thread 34" [_thread_blocked, id=24380, stack(0x0000001b6b900000,0x0000001b6ba00000)]
  0x000001d230753800 JavaThread "jar transforms Thread 35" [_thread_blocked, id=23540, stack(0x0000001b6ba00000,0x0000001b6bb00000)]
  0x000001d23075b000 JavaThread "jar transforms Thread 36" [_thread_blocked, id=16096, stack(0x0000001b6bb00000,0x0000001b6bc00000)]
  0x000001d23075a000 JavaThread "jar transforms Thread 37" [_thread_blocked, id=5056, stack(0x0000001b6bc00000,0x0000001b6bd00000)]
  0x000001d230755000 JavaThread "jar transforms Thread 38" [_thread_blocked, id=2744, stack(0x0000001b6bd00000,0x0000001b6be00000)]
  0x000001d23075b800 JavaThread "jar transforms Thread 39" [_thread_blocked, id=2904, stack(0x0000001b6be00000,0x0000001b6bf00000)]
  0x000001d23075c800 JavaThread "jar transforms Thread 40" [_thread_blocked, id=23236, stack(0x0000001b6bf00000,0x0000001b6c000000)]
  0x000001d22bad0800 JavaThread "jar transforms Thread 41" [_thread_blocked, id=13136, stack(0x0000001b6c000000,0x0000001b6c100000)]
  0x000001d22bacf800 JavaThread "jar transforms Thread 42" [_thread_blocked, id=22736, stack(0x0000001b6c100000,0x0000001b6c200000)]
  0x000001d22bacc000 JavaThread "jar transforms Thread 43" [_thread_blocked, id=4144, stack(0x0000001b6c200000,0x0000001b6c300000)]
  0x000001d22bacb800 JavaThread "jar transforms Thread 44" [_thread_blocked, id=19716, stack(0x0000001b6c300000,0x0000001b6c400000)]
  0x000001d22bace800 JavaThread "jar transforms Thread 45" [_thread_blocked, id=15040, stack(0x0000001b6c400000,0x0000001b6c500000)]
  0x000001d22baca800 JavaThread "jar transforms Thread 46" [_thread_blocked, id=11236, stack(0x0000001b6c500000,0x0000001b6c600000)]
  0x000001d22bad3000 JavaThread "jar transforms Thread 47" [_thread_blocked, id=17148, stack(0x0000001b6c600000,0x0000001b6c700000)]
  0x000001d22bacd000 JavaThread "jar transforms Thread 48" [_thread_blocked, id=24700, stack(0x0000001b6c700000,0x0000001b6c800000)]
  0x000001d22bad2000 JavaThread "jar transforms Thread 49" [_thread_blocked, id=1292, stack(0x0000001b6c800000,0x0000001b6c900000)]
  0x000001d22bad3800 JavaThread "jar transforms Thread 50" [_thread_blocked, id=5064, stack(0x0000001b6c900000,0x0000001b6ca00000)]
  0x000001d22bace000 JavaThread "jar transforms Thread 51" [_thread_blocked, id=4728, stack(0x0000001b6ca00000,0x0000001b6cb00000)]
  0x000001d22bad7000 JavaThread "jar transforms Thread 52" [_thread_blocked, id=23792, stack(0x0000001b6cb00000,0x0000001b6cc00000)]
  0x000001d22bad4800 JavaThread "jar transforms Thread 53" [_thread_blocked, id=10208, stack(0x0000001b6cc00000,0x0000001b6cd00000)]
  0x000001d22bad1000 JavaThread "jar transforms Thread 54" [_thread_blocked, id=6796, stack(0x0000001b6cd00000,0x0000001b6ce00000)]
  0x000001d22bad6000 JavaThread "jar transforms Thread 55" [_thread_blocked, id=22036, stack(0x0000001b6ce00000,0x0000001b6cf00000)]
  0x000001d22bad7800 JavaThread "jar transforms Thread 56" [_thread_blocked, id=25228, stack(0x0000001b6cf00000,0x0000001b6d000000)]
  0x000001d22bad5000 JavaThread "jar transforms Thread 57" [_thread_blocked, id=20808, stack(0x0000001b6d000000,0x0000001b6d100000)]
  0x000001d22bad9800 JavaThread "jar transforms Thread 58" [_thread_blocked, id=24880, stack(0x0000001b6d100000,0x0000001b6d200000)]
  0x000001d22bad8800 JavaThread "jar transforms Thread 59" [_thread_blocked, id=20768, stack(0x0000001b6d200000,0x0000001b6d300000)]
  0x000001d22f78e000 JavaThread "jar transforms Thread 60" [_thread_blocked, id=4584, stack(0x0000001b6d300000,0x0000001b6d400000)]
  0x000001d22f78c800 JavaThread "jar transforms Thread 61" [_thread_blocked, id=2760, stack(0x0000001b6d400000,0x0000001b6d500000)]
  0x000001d22f78f000 JavaThread "jar transforms Thread 62" [_thread_blocked, id=11332, stack(0x0000001b6d500000,0x0000001b6d600000)]
  0x000001d22f78d800 JavaThread "jar transforms Thread 63" [_thread_blocked, id=23276, stack(0x0000001b6d600000,0x0000001b6d700000)]
  0x000001d22f78b000 JavaThread "jar transforms Thread 64" [_thread_blocked, id=20244, stack(0x0000001b6d700000,0x0000001b6d800000)]
  0x000001d22f790000 JavaThread "jar transforms Thread 65" [_thread_blocked, id=16872, stack(0x0000001b6d800000,0x0000001b6d900000)]
  0x000001d22f78a000 JavaThread "jar transforms Thread 66" [_thread_blocked, id=24312, stack(0x0000001b6d900000,0x0000001b6da00000)]
  0x000001d22f790800 JavaThread "jar transforms Thread 67" [_thread_blocked, id=18480, stack(0x0000001b6da00000,0x0000001b6db00000)]
  0x000001d22f791800 JavaThread "jar transforms Thread 68" [_thread_blocked, id=23808, stack(0x0000001b6db00000,0x0000001b6dc00000)]
  0x000001d22f78b800 JavaThread "jar transforms Thread 69" [_thread_blocked, id=17244, stack(0x0000001b6dc00000,0x0000001b6dd00000)]
  0x000001d22f796800 JavaThread "jar transforms Thread 70" [_thread_blocked, id=22888, stack(0x0000001b6dd00000,0x0000001b6de00000)]
  0x000001d22f795800 JavaThread "jar transforms Thread 71" [_thread_blocked, id=20644, stack(0x0000001b6de00000,0x0000001b6df00000)]
  0x000001d22f797000 JavaThread "jar transforms Thread 72" [_thread_blocked, id=14820, stack(0x0000001b6df00000,0x0000001b6e000000)]
  0x000001d22f794000 JavaThread "jar transforms Thread 73" [_thread_blocked, id=23948, stack(0x0000001b6e000000,0x0000001b6e100000)]
  0x000001d22f793000 JavaThread "jar transforms Thread 74" [_thread_blocked, id=22896, stack(0x0000001b6e100000,0x0000001b6e200000)]
  0x000001d22f798000 JavaThread "jar transforms Thread 75" [_thread_blocked, id=11044, stack(0x0000001b6e200000,0x0000001b6e300000)]
  0x000001d22f792000 JavaThread "jar transforms Thread 76" [_thread_blocked, id=25552, stack(0x0000001b6e300000,0x0000001b6e400000)]
  0x000001d22f798800 JavaThread "jar transforms Thread 77" [_thread_blocked, id=24512, stack(0x0000001b6e400000,0x0000001b6e500000)]
  0x000001d22f794800 JavaThread "jar transforms Thread 78" [_thread_blocked, id=18992, stack(0x0000001b6e500000,0x0000001b6e600000)]
  0x000001d22c5be000 JavaThread "jar transforms Thread 79" [_thread_blocked, id=22912, stack(0x0000001b6e600000,0x0000001b6e700000)]
  0x000001d22c5c0800 JavaThread "jar transforms Thread 80" [_thread_blocked, id=17272, stack(0x0000001b6e700000,0x0000001b6e800000)]
  0x000001d22c5bb800 JavaThread "jar transforms Thread 81" [_thread_blocked, id=9936, stack(0x0000001b6e800000,0x0000001b6e900000)]
  0x000001d22c5be800 JavaThread "jar transforms Thread 82" [_thread_blocked, id=10012, stack(0x0000001b6e900000,0x0000001b6ea00000)]
  0x000001d22c5bf800 JavaThread "jar transforms Thread 83" [_thread_blocked, id=19548, stack(0x0000001b6ea00000,0x0000001b6eb00000)]
  0x000001d22c5bd000 JavaThread "jar transforms Thread 84" [_thread_blocked, id=6752, stack(0x0000001b6eb00000,0x0000001b6ec00000)]
  0x000001d22c5c1000 JavaThread "jar transforms Thread 85" [_thread_blocked, id=25132, stack(0x0000001b6ec00000,0x0000001b6ed00000)]
  0x000001d22c5c2000 JavaThread "jar transforms Thread 86" [_thread_blocked, id=15688, stack(0x0000001b6ed00000,0x0000001b6ee00000)]
  0x000001d22c5bc800 JavaThread "jar transforms Thread 87" [_thread_blocked, id=22500, stack(0x0000001b6ee00000,0x0000001b6ef00000)]
  0x000001d22c5c3800 JavaThread "jar transforms Thread 88" [_thread_blocked, id=3168, stack(0x0000001b6ef00000,0x0000001b6f000000)]
  0x000001d22c5c5800 JavaThread "jar transforms Thread 89" [_thread_blocked, id=9768, stack(0x0000001b6f000000,0x0000001b6f100000)]
  0x000001d22c5c8800 JavaThread "jar transforms Thread 90" [_thread_blocked, id=19140, stack(0x0000001b6f100000,0x0000001b6f200000)]
  0x000001d22c5c7800 JavaThread "jar transforms Thread 91" [_thread_blocked, id=6000, stack(0x0000001b6f200000,0x0000001b6f300000)]
  0x000001d22c5c4800 JavaThread "jar transforms Thread 92" [_thread_blocked, id=12116, stack(0x0000001b6f300000,0x0000001b6f400000)]
  0x000001d22c5c3000 JavaThread "jar transforms Thread 93" [_thread_blocked, id=19816, stack(0x0000001b6f400000,0x0000001b6f500000)]
  0x000001d22c5c6000 JavaThread "jar transforms Thread 94" [_thread_blocked, id=15016, stack(0x0000001b6f500000,0x0000001b6f600000)]
  0x000001d22c5c9800 JavaThread "jar transforms Thread 95" [_thread_blocked, id=19576, stack(0x0000001b6f600000,0x0000001b6f700000)]
  0x000001d22c5ca000 JavaThread "jar transforms Thread 96" [_thread_blocked, id=18944, stack(0x0000001b6f700000,0x0000001b6f800000)]
  0x000001d22c5c7000 JavaThread "jar transforms Thread 97" [_thread_blocked, id=17852, stack(0x0000001b6f800000,0x0000001b6f900000)]
  0x000001d22ee87000 JavaThread "jar transforms Thread 98" [_thread_blocked, id=23740, stack(0x0000001b6f900000,0x0000001b6fa00000)]
  0x000001d22ee86800 JavaThread "jar transforms Thread 99" [_thread_blocked, id=11604, stack(0x0000001b6fa00000,0x0000001b6fb00000)]
  0x000001d22ee85800 JavaThread "jar transforms Thread 100" [_thread_blocked, id=18392, stack(0x0000001b6fb00000,0x0000001b6fc00000)]
  0x000001d22ee82800 JavaThread "jar transforms Thread 101" [_thread_blocked, id=18876, stack(0x0000001b6fc00000,0x0000001b6fd00000)]
  0x000001d22ee84000 JavaThread "jar transforms Thread 102" [_thread_blocked, id=11004, stack(0x0000001b6fd00000,0x0000001b6fe00000)]
  0x000001d22ee81800 JavaThread "jar transforms Thread 103" [_thread_blocked, id=24092, stack(0x0000001b6fe00000,0x0000001b6ff00000)]
  0x000001d22ee88000 JavaThread "jar transforms Thread 104" [_thread_blocked, id=24792, stack(0x0000001b6ff00000,0x0000001b70000000)]
  0x000001d22ee83000 JavaThread "jar transforms Thread 105" [_thread_blocked, id=21632, stack(0x0000001b70000000,0x0000001b70100000)]
  0x000001d22ee89800 JavaThread "jar transforms Thread 106" [_thread_blocked, id=22676, stack(0x0000001b70100000,0x0000001b70200000)]
  0x000001d22ee8a800 JavaThread "jar transforms Thread 107" [_thread_blocked, id=19248, stack(0x0000001b70200000,0x0000001b70300000)]
  0x000001d22ee85000 JavaThread "jar transforms Thread 108" [_thread_blocked, id=10840, stack(0x0000001b70300000,0x0000001b70400000)]
  0x000001d22ee8b800 JavaThread "jar transforms Thread 109" [_thread_blocked, id=6628, stack(0x0000001b70400000,0x0000001b70500000)]
  0x000001d22ee8d800 JavaThread "jar transforms Thread 110" [_thread_blocked, id=16216, stack(0x0000001b70500000,0x0000001b70600000)]
  0x000001d22ee8c000 JavaThread "jar transforms Thread 111" [_thread_blocked, id=1860, stack(0x0000001b70600000,0x0000001b70700000)]
  0x000001d22ee8d000 JavaThread "jar transforms Thread 112" [_thread_blocked, id=22384, stack(0x0000001b70700000,0x0000001b70800000)]
  0x000001d22ee8e800 JavaThread "jar transforms Thread 113" [_thread_blocked, id=25304, stack(0x0000001b70800000,0x0000001b70900000)]
  0x000001d22ee89000 JavaThread "jar transforms Thread 114" [_thread_blocked, id=9032, stack(0x0000001b70900000,0x0000001b70a00000)]
  0x000001d22ee8f800 JavaThread "jar transforms Thread 115" [_thread_blocked, id=23352, stack(0x0000001b70a00000,0x0000001b70b00000)]
  0x000001d22ee90000 JavaThread "jar transforms Thread 116" [_thread_blocked, id=19276, stack(0x0000001b70b00000,0x0000001b70c00000)]
  0x000001d22fb8b800 JavaThread "Cache worker for execution history cache (D:\GoogleDisk\Main\HAK_count\OLDs\helper\.gradle\6.5\executionHistory)" [_thread_blocked, id=14728, stack(0x0000001b71a00000,0x0000001b71b00000)]
  0x000001d22fb88800 JavaThread "Memory manager" [_thread_blocked, id=4804, stack(0x0000001b70e00000,0x0000001b70f00000)]
  0x000001d23292b800 JavaThread "C2 CompilerThread1" daemon [_thread_in_native, id=14788, stack(0x0000001b70c00000,0x0000001b70d00000)]
=>0x000001d234d7e800 JavaThread "C2 CompilerThread2" daemon [_thread_in_native, id=21256, stack(0x0000001b65800000,0x0000001b65900000)]

Other Threads:
  0x000001d22abc5000 VMThread "VM Thread" [stack: 0x0000001b66000000,0x0000001b66100000] [id=23072]
  0x000001d22adc0800 WatcherThread [stack: 0x0000001b66a00000,0x0000001b66b00000] [id=20884]
  0x000001d20ae95800 GCTaskThread "GC Thread#0" [stack: 0x0000001b65b00000,0x0000001b65c00000] [id=22916]
  0x000001d22bc01800 GCTaskThread "GC Thread#1" [stack: 0x0000001b66c00000,0x0000001b66d00000] [id=23736]
  0x000001d22bbf6000 GCTaskThread "GC Thread#2" [stack: 0x0000001b66d00000,0x0000001b66e00000] [id=22740]
  0x000001d22bac2000 GCTaskThread "GC Thread#3" [stack: 0x0000001b66e00000,0x0000001b66f00000] [id=20528]
  0x000001d22bb7c000 GCTaskThread "GC Thread#4" [stack: 0x0000001b66f00000,0x0000001b67000000] [id=12056]
  0x000001d22ccc1800 GCTaskThread "GC Thread#5" [stack: 0x0000001b67e00000,0x0000001b67f00000] [id=25068]
  0x000001d22cb6e800 GCTaskThread "GC Thread#6" [stack: 0x0000001b67f00000,0x0000001b68000000] [id=13032]
  0x000001d22cad4000 GCTaskThread "GC Thread#7" [stack: 0x0000001b68000000,0x0000001b68100000] [id=25040]
  0x000001d22c2ee000 GCTaskThread "GC Thread#8" [stack: 0x0000001b68100000,0x0000001b68200000] [id=11668]
  0x000001d22cafe800 GCTaskThread "GC Thread#9" [stack: 0x0000001b68200000,0x0000001b68300000] [id=18896]
  0x000001d20aec7800 ConcurrentGCThread "G1 Main Marker" [stack: 0x0000001b65c00000,0x0000001b65d00000] [id=4820]
  0x000001d20aeca800 ConcurrentGCThread "G1 Conc#0" [stack: 0x0000001b65d00000,0x0000001b65e00000] [id=17844]
  0x000001d22ba3b000 ConcurrentGCThread "G1 Conc#1" [stack: 0x0000001b68300000,0x0000001b68400000] [id=23520]
  0x000001d22c820000 ConcurrentGCThread "G1 Conc#2" [stack: 0x0000001b68400000,0x0000001b68500000] [id=19980]
  0x000001d22a213800 ConcurrentGCThread "G1 Refine#0" [stack: 0x0000001b65e00000,0x0000001b65f00000] [id=18816]
  0x000001d22a216000 ConcurrentGCThread "G1 Young RemSet Sampling" [stack: 0x0000001b65f00000,0x0000001b66000000] [id=5480]

Threads with active compile tasks:
C2 CompilerThread0  31761 9584 %     4       org.gradle.internal.instantiation.generator.AbstractClassGenerator::inspectType @ 250 (560 bytes)
C1 CompilerThread0  31761 10072       3       org.gradle.api.internal.artifacts.ivyservice.resolveengine.result.ComponentIdentifierSerializer::read (354 bytes)
C2 CompilerThread1  31761 9812   !   4       org.gradle.internal.instantiation.generator.DependencyInjectingInstantiator::doCreate (64 bytes)
C2 CompilerThread2  31761 9815   !   4       org.gradle.internal.instantiation.generator.AsmBackedClassGenerator$InvokeConstructorStrategy::newInstance (66 bytes)

VM state:not at safepoint (normal execution)

VM Mutex/Monitor currently owned by a thread: None

Heap address: 0x0000000080000000, size: 2048 MB, Compressed Oops mode: 32-bit
Narrow klass base: 0x0000000000000000, Narrow klass shift: 3
Compressed class space size: 1073741824 Address: 0x0000000100000000

Heap:
 garbage-first heap   total 253952K, used 180398K [0x0000000080000000, 0x0000000100000000)
  region size 1024K, 89 young (91136K), 6 survivors (6144K)
 Metaspace       used 91659K, capacity 94130K, committed 94424K, reserved 1130496K
  class space    used 11606K, capacity 12467K, committed 12544K, reserved 1048576K
Heap Regions: E=young(eden), S=young(survivor), O=old, HS=humongous(starts), HC=humongous(continues), CS=collection set, F=free, A=archive, TAMS=top-at-mark-start (previous, next)
|   0|0x0000000080000000, 0x0000000080100000, 0x0000000080100000|100%| O|  |TAMS 0x0000000080100000, 0x0000000080000000| Untracked 
|   1|0x0000000080100000, 0x0000000080200000, 0x0000000080200000|100%| O|  |TAMS 0x0000000080200000, 0x0000000080100000| Untracked 
|   2|0x0000000080200000, 0x0000000080300000, 0x0000000080300000|100%| O|  |TAMS 0x0000000080300000, 0x0000000080200000| Untracked 
|   3|0x0000000080300000, 0x0000000080400000, 0x0000000080400000|100%|HS|  |TAMS 0x0000000080400000, 0x0000000080300000| Complete 
|   4|0x0000000080400000, 0x0000000080500000, 0x0000000080500000|100%|HC|  |TAMS 0x0000000080500000, 0x0000000080400000| Complete 
|   5|0x0000000080500000, 0x0000000080600000, 0x0000000080600000|100%|HC|  |TAMS 0x0000000080600000, 0x0000000080500000| Complete 
|   6|0x0000000080600000, 0x0000000080700000, 0x0000000080700000|100%| O|  |TAMS 0x0000000080700000, 0x0000000080600000| Untracked 
|   7|0x0000000080700000, 0x0000000080800000, 0x0000000080800000|100%| O|  |TAMS 0x0000000080800000, 0x0000000080700000| Untracked 
|   8|0x0000000080800000, 0x0000000080900000, 0x0000000080900000|100%| O|  |TAMS 0x0000000080900000, 0x0000000080800000| Untracked 
|   9|0x0000000080900000, 0x0000000080a00000, 0x0000000080a00000|100%| O|  |TAMS 0x0000000080a00000, 0x0000000080900000| Untracked 
|  10|0x0000000080a00000, 0x0000000080b00000, 0x0000000080b00000|100%| O|  |TAMS 0x0000000080b00000, 0x0000000080a00000| Untracked 
|  11|0x0000000080b00000, 0x0000000080c00000, 0x0000000080c00000|100%| O|  |TAMS 0x0000000080c00000, 0x0000000080b00000| Untracked 
|  12|0x0000000080c00000, 0x0000000080d00000, 0x0000000080d00000|100%| O|  |TAMS 0x0000000080d00000, 0x0000000080c00000| Untracked 
|  13|0x0000000080d00000, 0x0000000080e00000, 0x0000000080e00000|100%| O|  |TAMS 0x0000000080e00000, 0x0000000080d00000| Untracked 
|  14|0x0000000080e00000, 0x0000000080f00000, 0x0000000080f00000|100%| O|  |TAMS 0x0000000080f00000, 0x0000000080e00000| Untracked 
|  15|0x0000000080f00000, 0x0000000081000000, 0x0000000081000000|100%| O|  |TAMS 0x0000000081000000, 0x0000000080f00000| Untracked 
|  16|0x0000000081000000, 0x0000000081100000, 0x0000000081100000|100%|HS|  |TAMS 0x0000000081100000, 0x0000000081000000| Complete 
|  17|0x0000000081100000, 0x0000000081200000, 0x0000000081200000|100%|HC|  |TAMS 0x0000000081200000, 0x0000000081100000| Complete 
|  18|0x0000000081200000, 0x0000000081300000, 0x0000000081300000|100%|HS|  |TAMS 0x0000000081300000, 0x0000000081200000| Complete 
|  19|0x0000000081300000, 0x0000000081400000, 0x0000000081400000|100%|HC|  |TAMS 0x0000000081400000, 0x0000000081300000| Complete 
|  20|0x0000000081400000, 0x0000000081500000, 0x0000000081500000|100%|HC|  |TAMS 0x0000000081500000, 0x0000000081400000| Complete 
|  21|0x0000000081500000, 0x0000000081600000, 0x0000000081600000|100%|HS|  |TAMS 0x0000000081600000, 0x0000000081500000| Complete 
|  22|0x0000000081600000, 0x0000000081700000, 0x0000000081700000|100%|HS|  |TAMS 0x0000000081700000, 0x0000000081600000| Complete 
|  23|0x0000000081700000, 0x0000000081800000, 0x0000000081800000|100%|HC|  |TAMS 0x0000000081800000, 0x0000000081700000| Complete 
|  24|0x0000000081800000, 0x0000000081900000, 0x0000000081900000|100%|HC|  |TAMS 0x0000000081900000, 0x0000000081800000| Complete 
|  25|0x0000000081900000, 0x0000000081a00000, 0x0000000081a00000|100%|HC|  |TAMS 0x0000000081a00000, 0x0000000081900000| Complete 
|  26|0x0000000081a00000, 0x0000000081b00000, 0x0000000081b00000|100%|HS|  |TAMS 0x0000000081b00000, 0x0000000081a00000| Complete 
|  27|0x0000000081b00000, 0x0000000081c00000, 0x0000000081c00000|100%|HS|  |TAMS 0x0000000081c00000, 0x0000000081b00000| Complete 
|  28|0x0000000081c00000, 0x0000000081d00000, 0x0000000081d00000|100%|HS|  |TAMS 0x0000000081d00000, 0x0000000081c00000| Complete 
|  29|0x0000000081d00000, 0x0000000081e00000, 0x0000000081e00000|100%|HC|  |TAMS 0x0000000081e00000, 0x0000000081d00000| Complete 
|  30|0x0000000081e00000, 0x0000000081f00000, 0x0000000081f00000|100%|HC|  |TAMS 0x0000000081f00000, 0x0000000081e00000| Complete 
|  31|0x0000000081f00000, 0x0000000082000000, 0x0000000082000000|100%|HS|  |TAMS 0x0000000082000000, 0x0000000081f00000| Complete 
|  32|0x0000000082000000, 0x0000000082100000, 0x0000000082100000|100%|HC|  |TAMS 0x0000000082100000, 0x0000000082000000| Complete 
|  33|0x0000000082100000, 0x0000000082200000, 0x0000000082200000|100%| O|  |TAMS 0x0000000082200000, 0x0000000082100000| Untracked 
|  34|0x0000000082200000, 0x0000000082300000, 0x0000000082300000|100%| O|  |TAMS 0x0000000082300000, 0x0000000082200000| Untracked 
|  35|0x0000000082300000, 0x0000000082400000, 0x0000000082400000|100%| O|  |TAMS 0x0000000082400000, 0x0000000082300000| Untracked 
|  36|0x0000000082400000, 0x0000000082500000, 0x0000000082500000|100%| O|  |TAMS 0x0000000082500000, 0x0000000082400000| Untracked 
|  37|0x0000000082500000, 0x0000000082600000, 0x0000000082600000|100%| O|  |TAMS 0x0000000082600000, 0x0000000082500000| Untracked 
|  38|0x0000000082600000, 0x0000000082700000, 0x0000000082700000|100%| O|  |TAMS 0x0000000082700000, 0x0000000082600000| Untracked 
|  39|0x0000000082700000, 0x0000000082800000, 0x0000000082800000|100%| O|  |TAMS 0x0000000082800000, 0x0000000082700000| Untracked 
|  40|0x0000000082800000, 0x0000000082900000, 0x0000000082900000|100%| O|  |TAMS 0x0000000082900000, 0x0000000082800000| Untracked 
|  41|0x0000000082900000, 0x0000000082a00000, 0x0000000082a00000|100%| O|  |TAMS 0x0000000082a00000, 0x0000000082900000| Untracked 
|  42|0x0000000082a00000, 0x0000000082b00000, 0x0000000082b00000|100%| O|  |TAMS 0x0000000082b00000, 0x0000000082a00000| Untracked 
|  43|0x0000000082b00000, 0x0000000082c00000, 0x0000000082c00000|100%| O|  |TAMS 0x0000000082c00000, 0x0000000082b00000| Untracked 
|  44|0x0000000082c00000, 0x0000000082d00000, 0x0000000082d00000|100%| O|  |TAMS 0x0000000082d00000, 0x0000000082c00000| Untracked 
|  45|0x0000000082d00000, 0x0000000082e00000, 0x0000000082e00000|100%| O|  |TAMS 0x0000000082e00000, 0x0000000082d00000| Untracked 
|  46|0x0000000082e00000, 0x0000000082f00000, 0x0000000082f00000|100%| O|  |TAMS 0x0000000082f00000, 0x0000000082e00000| Untracked 
|  47|0x0000000082f00000, 0x0000000083000000, 0x0000000083000000|100%| O|  |TAMS 0x0000000083000000, 0x0000000082f00000| Untracked 
|  48|0x0000000083000000, 0x0000000083100000, 0x0000000083100000|100%| O|  |TAMS 0x0000000083100000, 0x0000000083000000| Untracked 
|  49|0x0000000083100000, 0x0000000083200000, 0x0000000083200000|100%| O|  |TAMS 0x0000000083200000, 0x0000000083100000| Untracked 
|  50|0x0000000083200000, 0x0000000083300000, 0x0000000083300000|100%| O|  |TAMS 0x0000000083300000, 0x0000000083200000| Untracked 
|  51|0x0000000083300000, 0x0000000083400000, 0x0000000083400000|100%| O|  |TAMS 0x0000000083400000, 0x0000000083300000| Untracked 
|  52|0x0000000083400000, 0x0000000083500000, 0x0000000083500000|100%| O|  |TAMS 0x0000000083500000, 0x0000000083400000| Untracked 
|  53|0x0000000083500000, 0x0000000083600000, 0x0000000083600000|100%| O|  |TAMS 0x0000000083600000, 0x0000000083500000| Untracked 
|  54|0x0000000083600000, 0x0000000083700000, 0x0000000083700000|100%| O|  |TAMS 0x0000000083700000, 0x0000000083600000| Untracked 
|  55|0x0000000083700000, 0x0000000083800000, 0x0000000083800000|100%| O|  |TAMS 0x0000000083800000, 0x0000000083700000| Untracked 
|  56|0x0000000083800000, 0x0000000083900000, 0x0000000083900000|100%| O|  |TAMS 0x0000000083900000, 0x0000000083800000| Untracked 
|  57|0x0000000083900000, 0x0000000083a00000, 0x0000000083a00000|100%| O|  |TAMS 0x0000000083a00000, 0x0000000083900000| Untracked 
|  58|0x0000000083a00000, 0x0000000083b00000, 0x0000000083b00000|100%| O|  |TAMS 0x0000000083a28800, 0x0000000083a00000| Untracked 
|  59|0x0000000083b00000, 0x0000000083c00000, 0x0000000083c00000|100%|HS|  |TAMS 0x0000000083b00000, 0x0000000083b00000| Complete 
|  60|0x0000000083c00000, 0x0000000083d00000, 0x0000000083d00000|100%|HC|  |TAMS 0x0000000083c00000, 0x0000000083c00000| Complete 
|  61|0x0000000083d00000, 0x0000000083e00000, 0x0000000083e00000|100%|HS|  |TAMS 0x0000000083d00000, 0x0000000083d00000| Complete 
|  62|0x0000000083e00000, 0x0000000083f00000, 0x0000000083f00000|100%|HC|  |TAMS 0x0000000083e00000, 0x0000000083e00000| Complete 
|  63|0x0000000083f00000, 0x0000000084000000, 0x0000000084000000|100%|HC|  |TAMS 0x0000000083f00000, 0x0000000083f00000| Complete 
|  64|0x0000000084000000, 0x0000000084100000, 0x0000000084100000|100%|HS|  |TAMS 0x0000000084000000, 0x0000000084000000| Complete 
|  65|0x0000000084100000, 0x0000000084200000, 0x0000000084200000|100%|HS|  |TAMS 0x0000000084100000, 0x0000000084100000| Complete 
|  66|0x0000000084200000, 0x0000000084300000, 0x0000000084300000|100%|HC|  |TAMS 0x0000000084200000, 0x0000000084200000| Complete 
|  67|0x0000000084300000, 0x0000000084400000, 0x0000000084400000|100%|HC|  |TAMS 0x0000000084300000, 0x0000000084300000| Complete 
|  68|0x0000000084400000, 0x0000000084500000, 0x0000000084500000|100%|HC|  |TAMS 0x0000000084400000, 0x0000000084400000| Complete 
|  69|0x0000000084500000, 0x0000000084600000, 0x0000000084600000|100%| O|  |TAMS 0x0000000084500000, 0x0000000084500000| Untracked 
|  70|0x0000000084600000, 0x0000000084700000, 0x0000000084700000|100%| O|  |TAMS 0x0000000084600000, 0x0000000084600000| Untracked 
|  71|0x0000000084700000, 0x0000000084800000, 0x0000000084800000|100%| O|  |TAMS 0x0000000084700000, 0x0000000084700000| Untracked 
|  72|0x0000000084800000, 0x0000000084900000, 0x0000000084900000|100%| O|  |TAMS 0x0000000084800000, 0x0000000084800000| Untracked 
|  73|0x0000000084900000, 0x0000000084a00000, 0x0000000084a00000|100%| O|  |TAMS 0x0000000084900000, 0x0000000084900000| Untracked 
|  74|0x0000000084a00000, 0x0000000084b00000, 0x0000000084b00000|100%| O|  |TAMS 0x0000000084a00000, 0x0000000084a00000| Untracked 
|  75|0x0000000084b00000, 0x0000000084c00000, 0x0000000084c00000|100%| O|  |TAMS 0x0000000084b00000, 0x0000000084b00000| Untracked 
|  76|0x0000000084c00000, 0x0000000084d00000, 0x0000000084d00000|100%| O|  |TAMS 0x0000000084c00000, 0x0000000084c00000| Untracked 
|  77|0x0000000084d00000, 0x0000000084e00000, 0x0000000084e00000|100%| O|  |TAMS 0x0000000084d00000, 0x0000000084d00000| Untracked 
|  78|0x0000000084e00000, 0x0000000084f00000, 0x0000000084f00000|100%| O|  |TAMS 0x0000000084e00000, 0x0000000084e00000| Untracked 
|  79|0x0000000084f00000, 0x0000000085000000, 0x0000000085000000|100%| O|  |TAMS 0x0000000084f00000, 0x0000000084f00000| Untracked 
|  80|0x0000000085000000, 0x0000000085100000, 0x0000000085100000|100%| O|  |TAMS 0x0000000085000000, 0x0000000085000000| Untracked 
|  81|0x0000000085100000, 0x0000000085200000, 0x0000000085200000|100%| O|  |TAMS 0x0000000085100000, 0x0000000085100000| Untracked 
|  82|0x0000000085200000, 0x0000000085300000, 0x0000000085300000|100%| O|  |TAMS 0x0000000085200000, 0x0000000085200000| Untracked 
|  83|0x0000000085300000, 0x0000000085400000, 0x0000000085400000|100%| O|  |TAMS 0x0000000085300000, 0x0000000085300000| Untracked 
|  84|0x0000000085400000, 0x0000000085500000, 0x0000000085500000|100%| O|  |TAMS 0x0000000085400000, 0x0000000085400000| Untracked 
|  85|0x0000000085500000, 0x0000000085600000, 0x0000000085600000|100%| O|  |TAMS 0x0000000085500000, 0x0000000085500000| Untracked 
|  86|0x0000000085600000, 0x0000000085700000, 0x0000000085700000|100%| O|  |TAMS 0x0000000085600000, 0x0000000085600000| Untracked 
|  87|0x0000000085700000, 0x0000000085800000, 0x0000000085800000|100%| O|  |TAMS 0x0000000085700000, 0x0000000085700000| Untracked 
|  88|0x0000000085800000, 0x0000000085900000, 0x0000000085900000|100%| O|  |TAMS 0x0000000085800000, 0x0000000085800000| Untracked 
|  89|0x0000000085900000, 0x00000000859b0200, 0x0000000085a00000| 68%| O|  |TAMS 0x0000000085900000, 0x0000000085900000| Untracked 
|  90|0x0000000085a00000, 0x0000000085a00000, 0x0000000085b00000|  0%| F|  |TAMS 0x0000000085a00000, 0x0000000085a00000| Untracked 
|  91|0x0000000085b00000, 0x0000000085b00000, 0x0000000085c00000|  0%| F|  |TAMS 0x0000000085b00000, 0x0000000085b00000| Untracked 
|  92|0x0000000085c00000, 0x0000000085c00000, 0x0000000085d00000|  0%| F|  |TAMS 0x0000000085c00000, 0x0000000085c00000| Untracked 
|  93|0x0000000085d00000, 0x0000000085d00000, 0x0000000085e00000|  0%| F|  |TAMS 0x0000000085d00000, 0x0000000085d00000| Untracked 
|  94|0x0000000085e00000, 0x0000000085e00000, 0x0000000085f00000|  0%| F|  |TAMS 0x0000000085e00000, 0x0000000085e00000| Untracked 
|  95|0x0000000085f00000, 0x0000000085f00000, 0x0000000086000000|  0%| F|  |TAMS 0x0000000085f00000, 0x0000000085f00000| Untracked 
|  96|0x0000000086000000, 0x0000000086000000, 0x0000000086100000|  0%| F|  |TAMS 0x0000000086000000, 0x0000000086000000| Untracked 
|  97|0x0000000086100000, 0x0000000086100000, 0x0000000086200000|  0%| F|  |TAMS 0x0000000086100000, 0x0000000086100000| Untracked 
|  98|0x0000000086200000, 0x0000000086200000, 0x0000000086300000|  0%| F|  |TAMS 0x0000000086200000, 0x0000000086200000| Untracked 
|  99|0x0000000086300000, 0x0000000086300000, 0x0000000086400000|  0%| F|  |TAMS 0x0000000086300000, 0x0000000086300000| Untracked 
| 100|0x0000000086400000, 0x0000000086400000, 0x0000000086500000|  0%| F|  |TAMS 0x0000000086400000, 0x0000000086400000| Untracked 
| 101|0x0000000086500000, 0x0000000086500000, 0x0000000086600000|  0%| F|  |TAMS 0x0000000086500000, 0x0000000086500000| Untracked 
| 102|0x0000000086600000, 0x0000000086600000, 0x0000000086700000|  0%| F|  |TAMS 0x0000000086600000, 0x0000000086600000| Untracked 
| 103|0x0000000086700000, 0x0000000086700000, 0x0000000086800000|  0%| F|  |TAMS 0x0000000086700000, 0x0000000086700000| Untracked 
| 104|0x0000000086800000, 0x0000000086800000, 0x0000000086900000|  0%| F|  |TAMS 0x0000000086800000, 0x0000000086800000| Untracked 
| 105|0x0000000086900000, 0x0000000086900000, 0x0000000086a00000|  0%| F|  |TAMS 0x0000000086900000, 0x0000000086900000| Untracked 
| 106|0x0000000086a00000, 0x0000000086a00000, 0x0000000086b00000|  0%| F|  |TAMS 0x0000000086a00000, 0x0000000086a00000| Untracked 
| 107|0x0000000086b00000, 0x0000000086b00000, 0x0000000086c00000|  0%| F|  |TAMS 0x0000000086b00000, 0x0000000086b00000| Untracked 
| 108|0x0000000086c00000, 0x0000000086c00000, 0x0000000086d00000|  0%| F|  |TAMS 0x0000000086c00000, 0x0000000086c00000| Untracked 
| 109|0x0000000086d00000, 0x0000000086d00000, 0x0000000086e00000|  0%| F|  |TAMS 0x0000000086d00000, 0x0000000086d00000| Untracked 
| 110|0x0000000086e00000, 0x0000000086e00000, 0x0000000086f00000|  0%| F|  |TAMS 0x0000000086e00000, 0x0000000086e00000| Untracked 
| 111|0x0000000086f00000, 0x0000000086f00000, 0x0000000087000000|  0%| F|  |TAMS 0x0000000086f00000, 0x0000000086f00000| Untracked 
| 112|0x0000000087000000, 0x0000000087000000, 0x0000000087100000|  0%| F|  |TAMS 0x0000000087000000, 0x0000000087000000| Untracked 
| 113|0x0000000087100000, 0x0000000087100000, 0x0000000087200000|  0%| F|  |TAMS 0x0000000087100000, 0x0000000087100000| Untracked 
| 114|0x0000000087200000, 0x0000000087200000, 0x0000000087300000|  0%| F|  |TAMS 0x0000000087200000, 0x0000000087200000| Untracked 
| 115|0x0000000087300000, 0x0000000087300000, 0x0000000087400000|  0%| F|  |TAMS 0x0000000087300000, 0x0000000087300000| Untracked 
| 116|0x0000000087400000, 0x0000000087400000, 0x0000000087500000|  0%| F|  |TAMS 0x0000000087400000, 0x0000000087400000| Untracked 
| 117|0x0000000087500000, 0x0000000087500000, 0x0000000087600000|  0%| F|  |TAMS 0x0000000087500000, 0x0000000087500000| Untracked 
| 118|0x0000000087600000, 0x0000000087600000, 0x0000000087700000|  0%| F|  |TAMS 0x0000000087600000, 0x0000000087600000| Untracked 
| 119|0x0000000087700000, 0x0000000087700000, 0x0000000087800000|  0%| F|  |TAMS 0x0000000087700000, 0x0000000087700000| Untracked 
| 120|0x0000000087800000, 0x0000000087800000, 0x0000000087900000|  0%| F|  |TAMS 0x0000000087800000, 0x0000000087800000| Untracked 
| 121|0x0000000087900000, 0x0000000087900000, 0x0000000087a00000|  0%| F|  |TAMS 0x0000000087900000, 0x0000000087900000| Untracked 
| 122|0x0000000087a00000, 0x0000000087a00000, 0x0000000087b00000|  0%| F|  |TAMS 0x0000000087a00000, 0x0000000087a00000| Untracked 
| 123|0x0000000087b00000, 0x0000000087b00000, 0x0000000087c00000|  0%| F|  |TAMS 0x0000000087b00000, 0x0000000087b00000| Untracked 
| 124|0x0000000087c00000, 0x0000000087c00000, 0x0000000087d00000|  0%| F|  |TAMS 0x0000000087c00000, 0x0000000087c00000| Untracked 
| 125|0x0000000087d00000, 0x0000000087d00000, 0x0000000087e00000|  0%| F|  |TAMS 0x0000000087d00000, 0x0000000087d00000| Untracked 
| 126|0x0000000087e00000, 0x0000000087e00000, 0x0000000087f00000|  0%| F|  |TAMS 0x0000000087e00000, 0x0000000087e00000| Untracked 
| 127|0x0000000087f00000, 0x0000000087f00000, 0x0000000088000000|  0%| F|  |TAMS 0x0000000087f00000, 0x0000000087f00000| Untracked 
| 128|0x0000000088000000, 0x0000000088000000, 0x0000000088100000|  0%| F|  |TAMS 0x0000000088000000, 0x0000000088000000| Untracked 
| 129|0x0000000088100000, 0x0000000088100000, 0x0000000088200000|  0%| F|  |TAMS 0x0000000088100000, 0x0000000088100000| Untracked 
| 130|0x0000000088200000, 0x0000000088200000, 0x0000000088300000|  0%| F|  |TAMS 0x0000000088200000, 0x0000000088200000| Untracked 
| 131|0x0000000088300000, 0x0000000088300000, 0x0000000088400000|  0%| F|  |TAMS 0x0000000088300000, 0x0000000088300000| Untracked 
| 132|0x0000000088400000, 0x0000000088400000, 0x0000000088500000|  0%| F|  |TAMS 0x0000000088400000, 0x0000000088400000| Untracked 
| 133|0x0000000088500000, 0x0000000088500000, 0x0000000088600000|  0%| F|  |TAMS 0x0000000088500000, 0x0000000088500000| Untracked 
| 134|0x0000000088600000, 0x0000000088600000, 0x0000000088700000|  0%| F|  |TAMS 0x0000000088600000, 0x0000000088600000| Untracked 
| 135|0x0000000088700000, 0x0000000088700000, 0x0000000088800000|  0%| F|  |TAMS 0x0000000088700000, 0x0000000088700000| Untracked 
| 136|0x0000000088800000, 0x0000000088800000, 0x0000000088900000|  0%| F|  |TAMS 0x0000000088800000, 0x0000000088800000| Untracked 
| 137|0x0000000088900000, 0x0000000088900000, 0x0000000088a00000|  0%| F|  |TAMS 0x0000000088900000, 0x0000000088900000| Untracked 
| 138|0x0000000088a00000, 0x0000000088a00000, 0x0000000088b00000|  0%| F|  |TAMS 0x0000000088a00000, 0x0000000088a00000| Untracked 
| 139|0x0000000088b00000, 0x0000000088b00000, 0x0000000088c00000|  0%| F|  |TAMS 0x0000000088b00000, 0x0000000088b00000| Untracked 
| 140|0x0000000088c00000, 0x0000000088c00000, 0x0000000088d00000|  0%| F|  |TAMS 0x0000000088c00000, 0x0000000088c00000| Untracked 
| 141|0x0000000088d00000, 0x0000000088d00000, 0x0000000088e00000|  0%| F|  |TAMS 0x0000000088d00000, 0x0000000088d00000| Untracked 
| 142|0x0000000088e00000, 0x0000000088e00000, 0x0000000088f00000|  0%| F|  |TAMS 0x0000000088e00000, 0x0000000088e00000| Untracked 
| 143|0x0000000088f00000, 0x0000000088f00000, 0x0000000089000000|  0%| F|  |TAMS 0x0000000088f00000, 0x0000000088f00000| Untracked 
| 144|0x0000000089000000, 0x0000000089000000, 0x0000000089100000|  0%| F|  |TAMS 0x0000000089000000, 0x0000000089000000| Untracked 
| 145|0x0000000089100000, 0x0000000089100000, 0x0000000089200000|  0%| F|  |TAMS 0x0000000089100000, 0x0000000089100000| Untracked 
| 146|0x0000000089200000, 0x0000000089200000, 0x0000000089300000|  0%| F|  |TAMS 0x0000000089200000, 0x0000000089200000| Untracked 
| 147|0x0000000089300000, 0x0000000089300000, 0x0000000089400000|  0%| F|  |TAMS 0x0000000089300000, 0x0000000089300000| Untracked 
| 148|0x0000000089400000, 0x0000000089400000, 0x0000000089500000|  0%| F|  |TAMS 0x0000000089400000, 0x0000000089400000| Untracked 
| 149|0x0000000089500000, 0x0000000089500000, 0x0000000089600000|  0%| F|  |TAMS 0x0000000089500000, 0x0000000089500000| Untracked 
| 150|0x0000000089600000, 0x0000000089600000, 0x0000000089700000|  0%| F|  |TAMS 0x0000000089600000, 0x0000000089600000| Untracked 
| 151|0x0000000089700000, 0x0000000089700000, 0x0000000089800000|  0%| F|  |TAMS 0x0000000089700000, 0x0000000089700000| Untracked 
| 152|0x0000000089800000, 0x0000000089800000, 0x0000000089900000|  0%| F|  |TAMS 0x0000000089800000, 0x0000000089800000| Untracked 
| 153|0x0000000089900000, 0x0000000089900000, 0x0000000089a00000|  0%| F|  |TAMS 0x0000000089900000, 0x0000000089900000| Untracked 
| 154|0x0000000089a00000, 0x0000000089a00000, 0x0000000089b00000|  0%| F|  |TAMS 0x0000000089a00000, 0x0000000089a00000| Untracked 
| 155|0x0000000089b00000, 0x0000000089b00000, 0x0000000089c00000|  0%| F|  |TAMS 0x0000000089b00000, 0x0000000089b00000| Untracked 
| 156|0x0000000089c00000, 0x0000000089c00000, 0x0000000089d00000|  0%| F|  |TAMS 0x0000000089c00000, 0x0000000089c00000| Untracked 
| 157|0x0000000089d00000, 0x0000000089d7b880, 0x0000000089e00000| 48%| S|CS|TAMS 0x0000000089d00000, 0x0000000089d00000| Complete 
| 158|0x0000000089e00000, 0x0000000089f00000, 0x0000000089f00000|100%| S|CS|TAMS 0x0000000089e00000, 0x0000000089e00000| Complete 
| 159|0x0000000089f00000, 0x0000000089f00000, 0x000000008a000000|  0%| F|  |TAMS 0x0000000089f00000, 0x0000000089f00000| Untracked 
| 160|0x000000008a000000, 0x000000008a080800, 0x000000008a100000| 50%| E|  |TAMS 0x000000008a000000, 0x000000008a000000| Complete 
| 161|0x000000008a100000, 0x000000008a200000, 0x000000008a200000|100%| S|CS|TAMS 0x000000008a100000, 0x000000008a100000| Complete 
| 162|0x000000008a200000, 0x000000008a300000, 0x000000008a300000|100%| S|CS|TAMS 0x000000008a200000, 0x000000008a200000| Complete 
| 163|0x000000008a300000, 0x000000008a400000, 0x000000008a400000|100%| S|CS|TAMS 0x000000008a300000, 0x000000008a300000| Complete 
| 164|0x000000008a400000, 0x000000008a500000, 0x000000008a500000|100%| S|CS|TAMS 0x000000008a400000, 0x000000008a400000| Complete 
| 165|0x000000008a500000, 0x000000008a600000, 0x000000008a600000|100%| E|CS|TAMS 0x000000008a500000, 0x000000008a500000| Complete 
| 166|0x000000008a600000, 0x000000008a700000, 0x000000008a700000|100%| E|CS|TAMS 0x000000008a600000, 0x000000008a600000| Complete 
| 167|0x000000008a700000, 0x000000008a800000, 0x000000008a800000|100%| E|CS|TAMS 0x000000008a700000, 0x000000008a700000| Complete 
| 168|0x000000008a800000, 0x000000008a900000, 0x000000008a900000|100%| E|CS|TAMS 0x000000008a800000, 0x000000008a800000| Complete 
| 169|0x000000008a900000, 0x000000008aa00000, 0x000000008aa00000|100%| E|CS|TAMS 0x000000008a900000, 0x000000008a900000| Complete 
| 170|0x000000008aa00000, 0x000000008ab00000, 0x000000008ab00000|100%| E|CS|TAMS 0x000000008aa00000, 0x000000008aa00000| Complete 
| 171|0x000000008ab00000, 0x000000008ac00000, 0x000000008ac00000|100%| E|CS|TAMS 0x000000008ab00000, 0x000000008ab00000| Complete 
| 172|0x000000008ac00000, 0x000000008ad00000, 0x000000008ad00000|100%| E|CS|TAMS 0x000000008ac00000, 0x000000008ac00000| Complete 
| 173|0x000000008ad00000, 0x000000008ae00000, 0x000000008ae00000|100%| E|CS|TAMS 0x000000008ad00000, 0x000000008ad00000| Complete 
| 174|0x000000008ae00000, 0x000000008af00000, 0x000000008af00000|100%| E|  |TAMS 0x000000008ae00000, 0x000000008ae00000| Complete 
| 175|0x000000008af00000, 0x000000008b000000, 0x000000008b000000|100%| E|CS|TAMS 0x000000008af00000, 0x000000008af00000| Complete 
| 176|0x000000008b000000, 0x000000008b100000, 0x000000008b100000|100%| E|CS|TAMS 0x000000008b000000, 0x000000008b000000| Complete 
| 177|0x000000008b100000, 0x000000008b200000, 0x000000008b200000|100%| E|CS|TAMS 0x000000008b100000, 0x000000008b100000| Complete 
| 178|0x000000008b200000, 0x000000008b300000, 0x000000008b300000|100%| E|CS|TAMS 0x000000008b200000, 0x000000008b200000| Complete 
| 179|0x000000008b300000, 0x000000008b400000, 0x000000008b400000|100%| E|CS|TAMS 0x000000008b300000, 0x000000008b300000| Complete 
| 180|0x000000008b400000, 0x000000008b500000, 0x000000008b500000|100%| E|CS|TAMS 0x000000008b400000, 0x000000008b400000| Complete 
| 181|0x000000008b500000, 0x000000008b600000, 0x000000008b600000|100%| E|CS|TAMS 0x000000008b500000, 0x000000008b500000| Complete 
| 182|0x000000008b600000, 0x000000008b700000, 0x000000008b700000|100%| E|CS|TAMS 0x000000008b600000, 0x000000008b600000| Complete 
| 183|0x000000008b700000, 0x000000008b800000, 0x000000008b800000|100%| E|CS|TAMS 0x000000008b700000, 0x000000008b700000| Complete 
| 184|0x000000008b800000, 0x000000008b900000, 0x000000008b900000|100%| E|CS|TAMS 0x000000008b800000, 0x000000008b800000| Complete 
| 185|0x000000008b900000, 0x000000008ba00000, 0x000000008ba00000|100%| E|CS|TAMS 0x000000008b900000, 0x000000008b900000| Complete 
| 186|0x000000008ba00000, 0x000000008bb00000, 0x000000008bb00000|100%| E|CS|TAMS 0x000000008ba00000, 0x000000008ba00000| Complete 
| 187|0x000000008bb00000, 0x000000008bc00000, 0x000000008bc00000|100%| E|CS|TAMS 0x000000008bb00000, 0x000000008bb00000| Complete 
| 188|0x000000008bc00000, 0x000000008bd00000, 0x000000008bd00000|100%| E|CS|TAMS 0x000000008bc00000, 0x000000008bc00000| Complete 
| 189|0x000000008bd00000, 0x000000008be00000, 0x000000008be00000|100%| E|CS|TAMS 0x000000008bd00000, 0x000000008bd00000| Complete 
| 190|0x000000008be00000, 0x000000008bf00000, 0x000000008bf00000|100%| E|CS|TAMS 0x000000008be00000, 0x000000008be00000| Complete 
| 191|0x000000008bf00000, 0x000000008c000000, 0x000000008c000000|100%| E|CS|TAMS 0x000000008bf00000, 0x000000008bf00000| Complete 
| 192|0x000000008c000000, 0x000000008c100000, 0x000000008c100000|100%| E|CS|TAMS 0x000000008c000000, 0x000000008c000000| Complete 
| 193|0x000000008c100000, 0x000000008c200000, 0x000000008c200000|100%| E|CS|TAMS 0x000000008c100000, 0x000000008c100000| Complete 
| 194|0x000000008c200000, 0x000000008c300000, 0x000000008c300000|100%| E|CS|TAMS 0x000000008c200000, 0x000000008c200000| Complete 
| 195|0x000000008c300000, 0x000000008c400000, 0x000000008c400000|100%| E|CS|TAMS 0x000000008c300000, 0x000000008c300000| Complete 
| 196|0x000000008c400000, 0x000000008c500000, 0x000000008c500000|100%| E|CS|TAMS 0x000000008c400000, 0x000000008c400000| Complete 
| 197|0x000000008c500000, 0x000000008c600000, 0x000000008c600000|100%| E|CS|TAMS 0x000000008c500000, 0x000000008c500000| Complete 
| 198|0x000000008c600000, 0x000000008c700000, 0x000000008c700000|100%| E|CS|TAMS 0x000000008c600000, 0x000000008c600000| Complete 
| 199|0x000000008c700000, 0x000000008c800000, 0x000000008c800000|100%| E|CS|TAMS 0x000000008c700000, 0x000000008c700000| Complete 
| 200|0x000000008c800000, 0x000000008c900000, 0x000000008c900000|100%| E|CS|TAMS 0x000000008c800000, 0x000000008c800000| Complete 
| 201|0x000000008c900000, 0x000000008ca00000, 0x000000008ca00000|100%| E|CS|TAMS 0x000000008c900000, 0x000000008c900000| Complete 
| 202|0x000000008ca00000, 0x000000008cb00000, 0x000000008cb00000|100%| E|CS|TAMS 0x000000008ca00000, 0x000000008ca00000| Complete 
| 203|0x000000008cb00000, 0x000000008cc00000, 0x000000008cc00000|100%| E|CS|TAMS 0x000000008cb00000, 0x000000008cb00000| Complete 
| 204|0x000000008cc00000, 0x000000008cd00000, 0x000000008cd00000|100%| E|CS|TAMS 0x000000008cc00000, 0x000000008cc00000| Complete 
| 205|0x000000008cd00000, 0x000000008ce00000, 0x000000008ce00000|100%| E|CS|TAMS 0x000000008cd00000, 0x000000008cd00000| Complete 
| 206|0x000000008ce00000, 0x000000008cf00000, 0x000000008cf00000|100%| E|CS|TAMS 0x000000008ce00000, 0x000000008ce00000| Complete 
| 207|0x000000008cf00000, 0x000000008d000000, 0x000000008d000000|100%| E|CS|TAMS 0x000000008cf00000, 0x000000008cf00000| Complete 
| 208|0x000000008d000000, 0x000000008d100000, 0x000000008d100000|100%| E|CS|TAMS 0x000000008d000000, 0x000000008d000000| Complete 
| 209|0x000000008d100000, 0x000000008d200000, 0x000000008d200000|100%| E|CS|TAMS 0x000000008d100000, 0x000000008d100000| Complete 
| 210|0x000000008d200000, 0x000000008d300000, 0x000000008d300000|100%| E|CS|TAMS 0x000000008d200000, 0x000000008d200000| Complete 
| 211|0x000000008d300000, 0x000000008d400000, 0x000000008d400000|100%| E|CS|TAMS 0x000000008d300000, 0x000000008d300000| Complete 
| 212|0x000000008d400000, 0x000000008d500000, 0x000000008d500000|100%| E|CS|TAMS 0x000000008d400000, 0x000000008d400000| Complete 
| 213|0x000000008d500000, 0x000000008d600000, 0x000000008d600000|100%| E|CS|TAMS 0x000000008d500000, 0x000000008d500000| Complete 
| 214|0x000000008d600000, 0x000000008d700000, 0x000000008d700000|100%| E|CS|TAMS 0x000000008d600000, 0x000000008d600000| Complete 
| 215|0x000000008d700000, 0x000000008d800000, 0x000000008d800000|100%| E|CS|TAMS 0x000000008d700000, 0x000000008d700000| Complete 
| 216|0x000000008d800000, 0x000000008d900000, 0x000000008d900000|100%| E|CS|TAMS 0x000000008d800000, 0x000000008d800000| Complete 
| 217|0x000000008d900000, 0x000000008da00000, 0x000000008da00000|100%| E|CS|TAMS 0x000000008d900000, 0x000000008d900000| Complete 
| 218|0x000000008da00000, 0x000000008db00000, 0x000000008db00000|100%| E|CS|TAMS 0x000000008da00000, 0x000000008da00000| Complete 
| 219|0x000000008db00000, 0x000000008dc00000, 0x000000008dc00000|100%| E|CS|TAMS 0x000000008db00000, 0x000000008db00000| Complete 
| 220|0x000000008dc00000, 0x000000008dd00000, 0x000000008dd00000|100%| E|CS|TAMS 0x000000008dc00000, 0x000000008dc00000| Complete 
| 221|0x000000008dd00000, 0x000000008de00000, 0x000000008de00000|100%| E|CS|TAMS 0x000000008dd00000, 0x000000008dd00000| Complete 
| 222|0x000000008de00000, 0x000000008df00000, 0x000000008df00000|100%| E|CS|TAMS 0x000000008de00000, 0x000000008de00000| Complete 
| 223|0x000000008df00000, 0x000000008e000000, 0x000000008e000000|100%| E|CS|TAMS 0x000000008df00000, 0x000000008df00000| Complete 
| 224|0x000000008e000000, 0x000000008e100000, 0x000000008e100000|100%| E|CS|TAMS 0x000000008e000000, 0x000000008e000000| Complete 
| 225|0x000000008e100000, 0x000000008e200000, 0x000000008e200000|100%| E|CS|TAMS 0x000000008e100000, 0x000000008e100000| Complete 
| 226|0x000000008e200000, 0x000000008e300000, 0x000000008e300000|100%| E|CS|TAMS 0x000000008e200000, 0x000000008e200000| Complete 
| 227|0x000000008e300000, 0x000000008e400000, 0x000000008e400000|100%| E|CS|TAMS 0x000000008e300000, 0x000000008e300000| Complete 
| 228|0x000000008e400000, 0x000000008e500000, 0x000000008e500000|100%| E|CS|TAMS 0x000000008e400000, 0x000000008e400000| Complete 
| 229|0x000000008e500000, 0x000000008e600000, 0x000000008e600000|100%| E|CS|TAMS 0x000000008e500000, 0x000000008e500000| Complete 
| 230|0x000000008e600000, 0x000000008e700000, 0x000000008e700000|100%| E|CS|TAMS 0x000000008e600000, 0x000000008e600000| Complete 
| 231|0x000000008e700000, 0x000000008e800000, 0x000000008e800000|100%| E|CS|TAMS 0x000000008e700000, 0x000000008e700000| Complete 
| 232|0x000000008e800000, 0x000000008e900000, 0x000000008e900000|100%| E|CS|TAMS 0x000000008e800000, 0x000000008e800000| Complete 
| 233|0x000000008e900000, 0x000000008ea00000, 0x000000008ea00000|100%| E|CS|TAMS 0x000000008e900000, 0x000000008e900000| Complete 
| 234|0x000000008ea00000, 0x000000008eb00000, 0x000000008eb00000|100%| E|CS|TAMS 0x000000008ea00000, 0x000000008ea00000| Complete 
| 235|0x000000008eb00000, 0x000000008ec00000, 0x000000008ec00000|100%| E|CS|TAMS 0x000000008eb00000, 0x000000008eb00000| Complete 
| 236|0x000000008ec00000, 0x000000008ed00000, 0x000000008ed00000|100%| E|CS|TAMS 0x000000008ec00000, 0x000000008ec00000| Complete 
| 237|0x000000008ed00000, 0x000000008ee00000, 0x000000008ee00000|100%| E|CS|TAMS 0x000000008ed00000, 0x000000008ed00000| Complete 
| 238|0x000000008ee00000, 0x000000008ef00000, 0x000000008ef00000|100%| E|CS|TAMS 0x000000008ee00000, 0x000000008ee00000| Complete 
| 239|0x000000008ef00000, 0x000000008f000000, 0x000000008f000000|100%| E|CS|TAMS 0x000000008ef00000, 0x000000008ef00000| Complete 
| 240|0x000000008f000000, 0x000000008f100000, 0x000000008f100000|100%| E|CS|TAMS 0x000000008f000000, 0x000000008f000000| Complete 
| 241|0x000000008f100000, 0x000000008f200000, 0x000000008f200000|100%| E|CS|TAMS 0x000000008f100000, 0x000000008f100000| Complete 
| 242|0x000000008f200000, 0x000000008f300000, 0x000000008f300000|100%| E|CS|TAMS 0x000000008f200000, 0x000000008f200000| Complete 
| 243|0x000000008f300000, 0x000000008f400000, 0x000000008f400000|100%| E|CS|TAMS 0x000000008f300000, 0x000000008f300000| Complete 
| 244|0x000000008f400000, 0x000000008f500000, 0x000000008f500000|100%| E|CS|TAMS 0x000000008f400000, 0x000000008f400000| Complete 
| 245|0x000000008f500000, 0x000000008f600000, 0x000000008f600000|100%| E|CS|TAMS 0x000000008f500000, 0x000000008f500000| Complete 
| 246|0x000000008f600000, 0x000000008f700000, 0x000000008f700000|100%| E|CS|TAMS 0x000000008f600000, 0x000000008f600000| Complete 
| 247|0x000000008f700000, 0x000000008f800000, 0x000000008f800000|100%| E|CS|TAMS 0x000000008f700000, 0x000000008f700000| Complete 

Card table byte_map: [0x000001d222ed0000,0x000001d2232d0000] _byte_map_base: 0x000001d222ad0000

Marking Bits (Prev, Next): (CMBitMap*) 0x000001d20aebea70, (CMBitMap*) 0x000001d20aebea38
 Prev Bits: [0x000001d2256d0000, 0x000001d2276d0000)
 Next Bits: [0x000001d2236d0000, 0x000001d2256d0000)

Polling page: 0x000001d20a650000

Metaspace:

Usage:
  Non-class:     79.81 MB capacity,    78.19 MB ( 98%) used,     1.39 MB (  2%) free+waste,   233.94 KB ( <1%) overhead. 
      Class:     12.17 MB capacity,    11.33 MB ( 93%) used,   753.09 KB (  6%) free+waste,   107.81 KB ( <1%) overhead. 
       Both:     91.99 MB capacity,    89.52 MB ( 97%) used,     2.13 MB (  2%) free+waste,   341.75 KB ( <1%) overhead. 

Virtual space:
  Non-class space:       80.00 MB reserved,      79.96 MB (>99%) committed 
      Class space:        1.00 GB reserved,      12.25 MB (  1%) committed 
             Both:        1.08 GB reserved,      92.21 MB (  8%) committed 

Chunk freelists:
   Non-Class:  24.00 KB
       Class:  13.00 KB
        Both:  37.00 KB

MaxMetaspaceSize: 17179869184.00 GB
CompressedClassSpaceSize: 1.00 GB

CodeHeap 'non-profiled nmethods': size=120000Kb used=6086Kb max_used=6086Kb free=113913Kb
 bounds [0x000001d21b050000, 0x000001d21b650000, 0x000001d222580000]
CodeHeap 'profiled nmethods': size=120000Kb used=22833Kb max_used=22833Kb free=97166Kb
 bounds [0x000001d213b20000, 0x000001d215170000, 0x000001d21b050000]
CodeHeap 'non-nmethods': size=5760Kb used=2287Kb max_used=2344Kb free=3472Kb
 bounds [0x000001d213580000, 0x000001d2137f0000, 0x000001d213b20000]
 total_blobs=10939 nmethods=10050 adapters=800
 compilation: enabled
              stopped_count=0, restarted_count=0
 full_count=0

Compilation events (20 events):
Event: 31.707 Thread 0x000001d22ac39800 10027       3       org.gradle.api.internal.artifacts.ivyservice.resolveengine.graph.builder.ComponentState::getVersion (10 bytes)
Event: 31.707 Thread 0x000001d22ac39800 nmethod 10027 0x000001d215136590 code [0x000001d215136740, 0x000001d215136898]
Event: 31.707 Thread 0x000001d22ac39800 10028       3       org.gradle.api.internal.artifacts.ivyservice.resolveengine.graph.builder.NodeState::collectAncestorsStrictVersions (39 bytes)
Event: 31.707 Thread 0x000001d22ac39800 nmethod 10028 0x000001d215136990 code [0x000001d215136b80, 0x000001d215136f58]
Event: 31.708 Thread 0x000001d22ac39800 10031       3       org.gradle.api.internal.artifacts.ivyservice.resolveengine.graph.builder.ModuleResolveState::select (37 bytes)
Event: 31.708 Thread 0x000001d22ac39800 nmethod 10031 0x000001d215137090 code [0x000001d215137240, 0x000001d2151373c8]
Event: 31.708 Thread 0x000001d22ac39800 10032       3       org.gradle.api.internal.artifacts.ivyservice.ivyresolve.ErrorHandlingModuleComponentRepository::getId (10 bytes)
Event: 31.708 Thread 0x000001d22ac39800 nmethod 10032 0x000001d215137490 code [0x000001d215137640, 0x000001d215137808]
Event: 31.709 Thread 0x000001d22ac39800 10034       3       org.gradle.api.internal.artifacts.ivyservice.resolveengine.graph.builder.DependencyGraphBuilder::maybeDownloadMetadataInParallel (180 bytes)
Event: 31.713 Thread 0x000001d22ac39800 nmethod 10034 0x000001d215137910 code [0x000001d215137d40, 0x000001d21513a038]
Event: 31.713 Thread 0x000001d22ac39800 10035       3       org.gradle.api.internal.artifacts.ivyservice.resolveengine.graph.builder.DependencyGraphBuilder::attachToTargetRevisionsSerially (47 bytes)
Event: 31.713 Thread 0x000001d22ac39800 nmethod 10035 0x000001d21513ac10 code [0x000001d21513ae20, 0x000001d21513b448]
Event: 31.713 Thread 0x000001d22ac39800 10036       3       org.gradle.internal.component.external.model.maven.DefaultMavenModuleResolveMetadata$1::create (5 bytes)
Event: 31.713 Thread 0x000001d22ac39800 nmethod 10036 0x000001d21513b690 code [0x000001d21513b860, 0x000001d21513ba68]
Event: 31.713 Thread 0x000001d22ac39800 10037       3       org.gradle.internal.component.external.model.maven.DefaultMavenModuleResolveMetadata$1::create (12 bytes)
Event: 31.714 Thread 0x000001d22ac39800 nmethod 10037 0x000001d21513bb90 code [0x000001d21513bd60, 0x000001d21513bf08]
Event: 31.714 Thread 0x000001d22ac39800 10038       3       org.gradle.internal.component.external.model.maven.DefaultMavenModuleResolveMetadata::access$000 (6 bytes)
Event: 31.714 Thread 0x000001d22ac39800 nmethod 10038 0x000001d21513c010 code [0x000001d21513c1c0, 0x000001d21513c2c8]
Event: 31.714 Thread 0x000001d22ac39800 10033       3       java.util.LinkedHashMap::clear (15 bytes)
Event: 31.714 Thread 0x000001d22ac39800 nmethod 10033 0x000001d21513c390 code [0x000001d21513c540, 0x000001d21513c6c8]

GC Heap History (20 events):
Event: 4.749 GC heap before
{Heap before GC invocations=1 (full 0):
 garbage-first heap   total 253952K, used 87988K [0x0000000080000000, 0x0000000100000000)
  region size 1024K, 81 young (82944K), 3 survivors (3072K)
 Metaspace       used 20659K, capacity 21118K, committed 21248K, reserved 1069056K
  class space    used 2427K, capacity 2554K, committed 2560K, reserved 1048576K
}
Event: 4.765 GC heap after
{Heap after GC invocations=2 (full 0):
 garbage-first heap   total 253952K, used 15622K [0x0000000080000000, 0x0000000100000000)
  region size 1024K, 10 young (10240K), 10 survivors (10240K)
 Metaspace       used 20659K, capacity 21118K, committed 21248K, reserved 1069056K
  class space    used 2427K, capacity 2554K, committed 2560K, reserved 1048576K
}
Event: 5.259 GC heap before
{Heap before GC invocations=3 (full 0):
 garbage-first heap   total 253952K, used 37126K [0x0000000080000000, 0x0000000100000000)
  region size 1024K, 31 young (31744K), 10 survivors (10240K)
 Metaspace       used 22871K, capacity 23463K, committed 23552K, reserved 1069056K
  class space    used 2836K, capacity 3018K, committed 3072K, reserved 1048576K
}
Event: 5.270 GC heap after
{Heap after GC invocations=4 (full 0):
 garbage-first heap   total 253952K, used 17102K [0x0000000080000000, 0x0000000100000000)
  region size 1024K, 2 young (2048K), 2 survivors (2048K)
 Metaspace       used 22871K, capacity 23463K, committed 23552K, reserved 1069056K
  class space    used 2836K, capacity 3018K, committed 3072K, reserved 1048576K
}
Event: 7.830 GC heap before
{Heap before GC invocations=4 (full 0):
 garbage-first heap   total 253952K, used 107214K [0x0000000080000000, 0x0000000100000000)
  region size 1024K, 82 young (83968K), 2 survivors (2048K)
 Metaspace       used 34577K, capacity 35420K, committed 35584K, reserved 1079296K
  class space    used 4427K, capacity 4748K, committed 4864K, reserved 1048576K
}
Event: 7.846 GC heap after
{Heap after GC invocations=5 (full 0):
 garbage-first heap   total 253952K, used 33443K [0x0000000080000000, 0x0000000100000000)
  region size 1024K, 8 young (8192K), 8 survivors (8192K)
 Metaspace       used 34577K, capacity 35420K, committed 35584K, reserved 1079296K
  class space    used 4427K, capacity 4748K, committed 4864K, reserved 1048576K
}
Event: 11.708 GC heap before
{Heap before GC invocations=6 (full 0):
 garbage-first heap   total 253952K, used 147107K [0x0000000080000000, 0x0000000100000000)
  region size 1024K, 116 young (118784K), 8 survivors (8192K)
 Metaspace       used 46426K, capacity 47507K, committed 47616K, reserved 1091584K
  class space    used 5765K, capacity 6138K, committed 6144K, reserved 1048576K
}
Event: 11.725 GC heap after
{Heap after GC invocations=7 (full 0):
 garbage-first heap   total 253952K, used 41382K [0x0000000080000000, 0x0000000100000000)
  region size 1024K, 15 young (15360K), 15 survivors (15360K)
 Metaspace       used 46426K, capacity 47507K, committed 47616K, reserved 1091584K
  class space    used 5765K, capacity 6138K, committed 6144K, reserved 1048576K
}
Event: 20.829 GC heap before
{Heap before GC invocations=7 (full 0):
 garbage-first heap   total 253952K, used 176550K [0x0000000080000000, 0x0000000100000000)
  region size 1024K, 140 young (143360K), 15 survivors (15360K)
 Metaspace       used 57353K, capacity 58871K, committed 59136K, reserved 1101824K
  class space    used 7142K, capacity 7620K, committed 7680K, reserved 1048576K
}
Event: 20.849 GC heap after
{Heap after GC invocations=8 (full 0):
 garbage-first heap   total 253952K, used 59215K [0x0000000080000000, 0x0000000100000000)
  region size 1024K, 18 young (18432K), 18 survivors (18432K)
 Metaspace       used 57353K, capacity 58871K, committed 59136K, reserved 1101824K
  class space    used 7142K, capacity 7620K, committed 7680K, reserved 1048576K
}
Event: 21.007 GC heap before
{Heap before GC invocations=8 (full 0):
 garbage-first heap   total 253952K, used 66383K [0x0000000080000000, 0x0000000100000000)
  region size 1024K, 26 young (26624K), 18 survivors (18432K)
 Metaspace       used 58062K, capacity 59564K, committed 59736K, reserved 1101824K
  class space    used 7261K, capacity 7723K, committed 7808K, reserved 1048576K
}
Event: 21.032 GC heap after
{Heap after GC invocations=9 (full 0):
 garbage-first heap   total 253952K, used 62155K [0x0000000080000000, 0x0000000100000000)
  region size 1024K, 3 young (3072K), 3 survivors (3072K)
 Metaspace       used 58062K, capacity 59564K, committed 59736K, reserved 1101824K
  class space    used 7261K, capacity 7723K, committed 7808K, reserved 1048576K
}
Event: 23.005 GC heap before
{Heap before GC invocations=10 (full 0):
 garbage-first heap   total 253952K, used 139979K [0x0000000080000000, 0x0000000100000000)
  region size 1024K, 79 young (80896K), 3 survivors (3072K)
 Metaspace       used 67276K, capacity 68975K, committed 69080K, reserved 1110016K
  class space    used 8351K, capacity 8891K, committed 8960K, reserved 1048576K
}
Event: 23.014 GC heap after
{Heap after GC invocations=11 (full 0):
 garbage-first heap   total 253952K, used 66058K [0x0000000080000000, 0x0000000100000000)
  region size 1024K, 7 young (7168K), 7 survivors (7168K)
 Metaspace       used 67276K, capacity 68975K, committed 69080K, reserved 1110016K
  class space    used 8351K, capacity 8891K, committed 8960K, reserved 1048576K
}
Event: 25.181 GC heap before
{Heap before GC invocations=11 (full 0):
 garbage-first heap   total 253952K, used 149002K [0x0000000080000000, 0x0000000100000000)
  region size 1024K, 89 young (91136K), 7 survivors (7168K)
 Metaspace       used 74700K, capacity 76656K, committed 76888K, reserved 1116160K
  class space    used 9454K, capacity 10063K, committed 10112K, reserved 1048576K
}
Event: 25.196 GC heap after
{Heap after GC invocations=12 (full 0):
 garbage-first heap   total 253952K, used 72528K [0x0000000080000000, 0x0000000100000000)
  region size 1024K, 12 young (12288K), 12 survivors (12288K)
 Metaspace       used 74700K, capacity 76656K, committed 76888K, reserved 1116160K
  class space    used 9454K, capacity 10063K, committed 10112K, reserved 1048576K
}
Event: 27.129 GC heap before
{Heap before GC invocations=12 (full 0):
 garbage-first heap   total 253952K, used 171856K [0x0000000080000000, 0x0000000100000000)
  region size 1024K, 99 young (101376K), 12 survivors (12288K)
 Metaspace       used 82433K, capacity 84496K, committed 84824K, reserved 1122304K
  class space    used 10394K, capacity 11059K, committed 11136K, reserved 1048576K
}
Event: 27.157 GC heap after
{Heap after GC invocations=13 (full 0):
 garbage-first heap   total 253952K, used 91892K [0x0000000080000000, 0x0000000100000000)
  region size 1024K, 9 young (9216K), 9 survivors (9216K)
 Metaspace       used 82433K, capacity 84496K, committed 84824K, reserved 1122304K
  class space    used 10394K, capacity 11059K, committed 11136K, reserved 1048576K
}
Event: 30.240 GC heap before
{Heap before GC invocations=13 (full 0):
 garbage-first heap   total 253952K, used 175860K [0x0000000080000000, 0x0000000100000000)
  region size 1024K, 92 young (94208K), 9 survivors (9216K)
 Metaspace       used 89500K, capacity 91913K, committed 92120K, reserved 1128448K
  class space    used 11399K, capacity 12243K, committed 12288K, reserved 1048576K
}
Event: 30.253 GC heap after
{Heap after GC invocations=14 (full 0):
 garbage-first heap   total 253952K, used 97454K [0x0000000080000000, 0x0000000100000000)
  region size 1024K, 6 young (6144K), 6 survivors (6144K)
 Metaspace       used 89500K, capacity 91913K, committed 92120K, reserved 1128448K
  class space    used 11399K, capacity 12243K, committed 12288K, reserved 1048576K
}

Deoptimization events (20 events):
Event: 31.393 Thread 0x000001d22bd91800 DEOPT PACKING pc=0x000001d21b590ee8 sp=0x0000001b678f9a40
Event: 31.393 Thread 0x000001d22bd91800 DEOPT UNPACKING pc=0x000001d2135a662f sp=0x0000001b678f9a08 mode 2
Event: 31.547 Thread 0x000001d22bd91800 Uncommon trap: trap_request=0xffffffc6 fr.pc=0x000001d21b590ee8 relative=0x0000000000000308
Event: 31.547 Thread 0x000001d22bd91800 Uncommon trap: reason=bimorphic_or_optimized_type_check action=maybe_recompile pc=0x000001d21b590ee8 method=com.google.common.collect.ImmutableList.copyOf(Ljava/util/Collection;)Lcom/google/common/collect/ImmutableList; @ 11 c2
Event: 31.547 Thread 0x000001d22bd91800 DEOPT PACKING pc=0x000001d21b590ee8 sp=0x0000001b678f9a40
Event: 31.547 Thread 0x000001d22bd91800 DEOPT UNPACKING pc=0x000001d2135a662f sp=0x0000001b678f9a08 mode 2
Event: 31.553 Thread 0x000001d22bd91800 Uncommon trap: trap_request=0xffffffc6 fr.pc=0x000001d21b590ee8 relative=0x0000000000000308
Event: 31.553 Thread 0x000001d22bd91800 Uncommon trap: reason=bimorphic_or_optimized_type_check action=maybe_recompile pc=0x000001d21b590ee8 method=com.google.common.collect.ImmutableList.copyOf(Ljava/util/Collection;)Lcom/google/common/collect/ImmutableList; @ 11 c2
Event: 31.553 Thread 0x000001d22bd91800 DEOPT PACKING pc=0x000001d21b590ee8 sp=0x0000001b678f9a40
Event: 31.553 Thread 0x000001d22bd91800 DEOPT UNPACKING pc=0x000001d2135a662f sp=0x0000001b678f9a08 mode 2
Event: 31.555 Thread 0x000001d22bd91800 Uncommon trap: trap_request=0xffffffc6 fr.pc=0x000001d21b590ee8 relative=0x0000000000000308
Event: 31.555 Thread 0x000001d22bd91800 Uncommon trap: reason=bimorphic_or_optimized_type_check action=maybe_recompile pc=0x000001d21b590ee8 method=com.google.common.collect.ImmutableList.copyOf(Ljava/util/Collection;)Lcom/google/common/collect/ImmutableList; @ 11 c2
Event: 31.555 Thread 0x000001d22bd91800 DEOPT PACKING pc=0x000001d21b590ee8 sp=0x0000001b678f9ad0
Event: 31.555 Thread 0x000001d22bd91800 DEOPT UNPACKING pc=0x000001d2135a662f sp=0x0000001b678f9a98 mode 2
Event: 31.572 Thread 0x000001d22bd91800 DEOPT PACKING pc=0x000001d214e8a1b1 sp=0x0000001b678f9fd0
Event: 31.572 Thread 0x000001d22bd91800 DEOPT UNPACKING pc=0x000001d2135a6dde sp=0x0000001b678f9498 mode 0
Event: 31.573 Thread 0x000001d22bd91800 DEOPT PACKING pc=0x000001d214e8a1b1 sp=0x0000001b678f9fd0
Event: 31.573 Thread 0x000001d22bd91800 DEOPT UNPACKING pc=0x000001d2135a6dde sp=0x0000001b678f9498 mode 0
Event: 31.622 Thread 0x000001d22bd91800 DEOPT PACKING pc=0x000001d2149412b2 sp=0x0000001b678f8840
Event: 31.622 Thread 0x000001d22bd91800 DEOPT UNPACKING pc=0x000001d2135a6dde sp=0x0000001b678f7da0 mode 0

Classes redefined (0 events):
No events

Internal exceptions (20 events):
Event: 26.400 Thread 0x000001d22bd91800 Exception <a 'java/lang/ClassNotFoundException'{0x000000008c0d4e58}: java/util/HashMapBeanInfo> (0x000000008c0d4e58) thrown at [./src/hotspot/share/classfile/systemDictionary.cpp, line 231]
Event: 26.400 Thread 0x000001d22bd91800 Exception <a 'java/lang/ClassNotFoundException'{0x000000008c0dc0b0}: java/util/AbstractMapBeanInfo> (0x000000008c0dc0b0) thrown at [./src/hotspot/share/classfile/systemDictionary.cpp, line 231]
Event: 26.400 Thread 0x000001d22bd91800 Exception <a 'java/lang/ClassNotFoundException'{0x000000008c0e2ae8}: java/util/AbstractMapCustomizer> (0x000000008c0e2ae8) thrown at [./src/hotspot/share/classfile/systemDictionary.cpp, line 231]
Event: 26.401 Thread 0x000001d22bd91800 Exception <a 'java/lang/ClassNotFoundException'{0x000000008c0f3170}: java/util/HashMapCustomizer> (0x000000008c0f3170) thrown at [./src/hotspot/share/classfile/systemDictionary.cpp, line 231]
Event: 26.402 Thread 0x000001d22bd91800 Exception <a 'java/lang/ClassNotFoundException'{0x000000008bf10978}: java/util/LinkedHashMapCustomizer> (0x000000008bf10978) thrown at [./src/hotspot/share/classfile/systemDictionary.cpp, line 231]
Event: 27.207 Thread 0x000001d22bd91800 Exception <a 'java/lang/NullPointerException'{0x000000008f52f398}> (0x000000008f52f398) thrown at [./src/hotspot/share/interpreter/linkResolver.cpp, line 1440]
Event: 27.596 Thread 0x000001d22bd91800 Exception <a 'java/lang/NoSuchMethodError'{0x000000008e7de0c8}: 'int java.lang.invoke.DirectMethodHandle$Holder.invokeStatic(java.lang.Object, java.lang.Object, int, java.lang.Object)'> (0x000000008e7de0c8) thrown at [./src/hotspot/share/interpreter/linkResolver.cpp, line 773]
Event: 28.132 Thread 0x000001d22bd91800 Exception <a 'java/lang/reflect/InvocationTargetException'{0x000000008d6a9fe0}> (0x000000008d6a9fe0) thrown at [./src/hotspot/share/runtime/reflection.cpp, line 1247]
Event: 29.908 Thread 0x000001d22bd91800 Exception <a 'java/lang/NoSuchMethodError'{0x000000008b67a098}: 'java.lang.Object java.lang.invoke.DirectMethodHandle$Holder.invokeSpecialIFC(java.lang.Object, java.lang.Object, java.lang.Object)'> (0x000000008b67a098) thrown at [./src/hotspot/share/interpreter/linkResolver.cpp, line 773]
Event: 30.010 Thread 0x000001d23074d800 Exception <a 'java/lang/NoSuchMethodError'{0x000000008b3d91a0}: 'void java.lang.invoke.DirectMethodHandle$Holder.invokeStatic(java.lang.Object, java.lang.Object, java.lang.Object, java.lang.Object, java.lang.Object, java.lang.Object, java.lang.Object)'> (0x000000008b3d91a0) thrown at [./src/hotspot/share/interpreter/linkResolver.cpp, line 773]
Event: 30.010 Thread 0x000001d22f64c000 Exception <a 'java/lang/NoSuchMethodError'{0x000000008b3906c8}: 'void java.lang.invoke.DirectMethodHandle$Holder.invokeStatic(java.lang.Object, java.lang.Object, java.lang.Object, java.lang.Object, java.lang.Object, java.lang.Object, java.lang.Object)'> (0x000000008b3906c8) thrown at [./src/hotspot/share/interpreter/linkResolver.cpp, line 773]
Event: 30.010 Thread 0x000001d22f64a000 Exception <a 'java/lang/NoSuchMethodError'{0x000000008b3bbab8}: 'void java.lang.invoke.DirectMethodHandle$Holder.invokeStatic(java.lang.Object, java.lang.Object, java.lang.Object, java.lang.Object, java.lang.Object, java.lang.Object, java.lang.Object)'> (0x000000008b3bbab8) thrown at [./src/hotspot/share/interpreter/linkResolver.cpp, line 773]
Event: 30.010 Thread 0x000001d22f647000 Exception <a 'java/lang/NoSuchMethodError'{0x000000008b316fd0}: 'void java.lang.invoke.DirectMethodHandle$Holder.invokeStatic(java.lang.Object, java.lang.Object, java.lang.Object, java.lang.Object, java.lang.Object, java.lang.Object, java.lang.Object)'> (0x000000008b316fd0) thrown at [./src/hotspot/share/interpreter/linkResolver.cpp, line 773]
Event: 30.010 Thread 0x000001d22f646000 Exception <a 'java/lang/NoSuchMethodError'{0x000000008b36e890}: 'void java.lang.invoke.DirectMethodHandle$Holder.invokeStatic(java.lang.Object, java.lang.Object, java.lang.Object, java.lang.Object, java.lang.Object, java.lang.Object, java.lang.Object)'> (0x000000008b36e890) thrown at [./src/hotspot/share/interpreter/linkResolver.cpp, line 773]
Event: 30.010 Thread 0x000001d22f64c800 Exception <a 'java/lang/NoSuchMethodError'{0x000000008b376268}: 'void java.lang.invoke.DirectMethodHandle$Holder.invokeStatic(java.lang.Object, java.lang.Object, java.lang.Object, java.lang.Object, java.lang.Object, java.lang.Object, java.lang.Object)'> (0x000000008b376268) thrown at [./src/hotspot/share/interpreter/linkResolver.cpp, line 773]
Event: 30.010 Thread 0x000001d22f647800 Exception <a 'java/lang/NoSuchMethodError'{0x000000008b325418}: 'void java.lang.invoke.DirectMethodHandle$Holder.invokeStatic(java.lang.Object, java.lang.Object, java.lang.Object, java.lang.Object, java.lang.Object, java.lang.Object, java.lang.Object)'> (0x000000008b325418) thrown at [./src/hotspot/share/interpreter/linkResolver.cpp, line 773]
Event: 30.010 Thread 0x000001d22f64b000 Exception <a 'java/lang/NoSuchMethodError'{0x000000008b355f50}: 'void java.lang.invoke.DirectMethodHandle$Holder.invokeStatic(java.lang.Object, java.lang.Object, java.lang.Object, java.lang.Object, java.lang.Object, java.lang.Object, java.lang.Object)'> (0x000000008b355f50) thrown at [./src/hotspot/share/interpreter/linkResolver.cpp, line 773]
Event: 30.014 Thread 0x000001d22f64c800 Exception <a 'java/lang/NoSuchMethodError'{0x000000008b37df18}: 'void java.lang.invoke.DirectMethodHandle$Holder.invokeStatic(java.lang.Object, java.lang.Object, java.lang.Object, java.lang.Object, java.lang.Object, int, java.lang.Object)'> (0x000000008b37df18) thrown at [./src/hotspot/share/interpreter/linkResolver.cpp, line 773]
Event: 30.014 Thread 0x000001d22f64c000 Exception <a 'java/lang/NoSuchMethodError'{0x000000008b3984e8}: 'void java.lang.invoke.DirectMethodHandle$Holder.invokeStatic(java.lang.Object, java.lang.Object, java.lang.Object, java.lang.Object, java.lang.Object, int, java.lang.Object)'> (0x000000008b3984e8) thrown at [./src/hotspot/share/interpreter/linkResolver.cpp, line 773]
Event: 31.625 Thread 0x000001d22bd91800 Exception <a 'java/lang/NoSuchMethodError'{0x000000008aa6c168}: 'int java.lang.invoke.DirectMethodHandle$Holder.invokeSpecialIFC(java.lang.Object, java.lang.Object, java.lang.Object)'> (0x000000008aa6c168) thrown at [./src/hotspot/share/interpreter/linkResolver.cpp, line 773]

Events (20 events):
Event: 31.663 loading class org/gradle/api/internal/artifacts/ivyservice/ivyresolve/DynamicVersionResolver$1
Event: 31.663 loading class org/gradle/api/internal/artifacts/ivyservice/ivyresolve/DynamicVersionResolver$1 done
Event: 31.664 loading class org/gradle/api/internal/artifacts/ivyservice/ivyresolve/DynamicVersionResolver$CandidateResult
Event: 31.664 loading class org/gradle/api/internal/artifacts/ivyservice/ivyresolve/DynamicVersionResolver$CandidateResult done
Event: 31.665 loading class org/gradle/api/internal/artifacts/ivyservice/ivyresolve/ModuleComponentResolveState
Event: 31.665 loading class org/gradle/api/internal/artifacts/ivyservice/ivyresolve/ModuleComponentResolveState done
Event: 31.667 loading class org/gradle/api/internal/artifacts/ivyservice/ivyresolve/DefaultMetadataProvider
Event: 31.667 loading class org/gradle/api/internal/artifacts/ivyservice/ivyresolve/DefaultMetadataProvider done
Event: 31.669 loading class org/gradle/api/internal/artifacts/ivyservice/ivyresolve/DefaultMetadataProvider$BuildableComponentMetadataSupplierDetails
Event: 31.669 loading class org/gradle/api/internal/artifacts/ivyservice/ivyresolve/DefaultMetadataProvider$BuildableComponentMetadataSupplierDetails done
Event: 31.669 loading class org/gradle/api/artifacts/ComponentMetadataSupplierDetails
Event: 31.669 loading class org/gradle/api/artifacts/ComponentMetadataSupplierDetails done
Event: 31.669 loading class org/gradle/api/artifacts/ComponentMetadataBuilder
Event: 31.669 loading class org/gradle/api/artifacts/ComponentMetadataBuilder done
Event: 31.670 loading class org/gradle/api/artifacts/ComponentMetadata
Event: 31.670 loading class org/gradle/api/artifacts/ComponentMetadata done
Event: 31.670 loading class org/gradle/api/internal/artifacts/ivyservice/ivyresolve/DefaultMetadataProvider$BuildableComponentMetadataSupplierDetails
Event: 31.670 loading class org/gradle/api/internal/artifacts/ivyservice/ivyresolve/DefaultMetadataProvider$BuildableComponentMetadataSupplierDetails done
Event: 31.670 loading class org/gradle/api/Transformer
Event: 31.670 loading class org/gradle/api/Transformer done


Dynamic libraries:
0x00007ff69e020000 - 0x00007ff69e02d000 	C:\Users\murad\.jdks\corretto-11.0.11\bin\java.exe
0x00007ff999690000 - 0x00007ff9998a4000 	C:\WINDOWS\SYSTEM32\ntdll.dll
0x00007ff998830000 - 0x00007ff9988f2000 	C:\WINDOWS\System32\KERNEL32.DLL
0x00007ff996b80000 - 0x00007ff996f1c000 	C:\WINDOWS\System32\KERNELBASE.dll
0x00007ff997110000 - 0x00007ff997221000 	C:\WINDOWS\System32\ucrtbase.dll
0x00007ff95f980000 - 0x00007ff95f999000 	C:\Users\murad\.jdks\corretto-11.0.11\bin\VCRUNTIME140.dll
0x00007ff95f9a0000 - 0x00007ff95f9b7000 	C:\Users\murad\.jdks\corretto-11.0.11\bin\jli.dll
0x00007ff998680000 - 0x00007ff99882b000 	C:\WINDOWS\System32\USER32.dll
0x00007ff985f00000 - 0x00007ff98618e000 	C:\WINDOWS\WinSxS\amd64_microsoft.windows.common-controls_6595b64144ccf1df_6.0.22621.1_none_60e502bd9af5bef0\COMCTL32.dll
0x00007ff996ae0000 - 0x00007ff996b06000 	C:\WINDOWS\System32\win32u.dll
0x00007ff998910000 - 0x00007ff998939000 	C:\WINDOWS\System32\GDI32.dll
0x00007ff9982e0000 - 0x00007ff998387000 	C:\WINDOWS\System32\msvcrt.dll
0x00007ff997390000 - 0x00007ff9974a2000 	C:\WINDOWS\System32\gdi32full.dll
0x00007ff997230000 - 0x00007ff9972ca000 	C:\WINDOWS\System32\msvcp_win.dll
0x00007ff999480000 - 0x00007ff9994b1000 	C:\WINDOWS\System32\IMM32.DLL
0x00007ff94c870000 - 0x00007ff94c90b000 	C:\Users\murad\.jdks\corretto-11.0.11\bin\msvcp140.dll
0x00007ff927d10000 - 0x00007ff92885c000 	C:\Users\murad\.jdks\corretto-11.0.11\bin\server\jvm.dll
0x00007ff998ed0000 - 0x00007ff998f7e000 	C:\WINDOWS\System32\ADVAPI32.dll
0x00007ff9994c0000 - 0x00007ff999564000 	C:\WINDOWS\System32\sechost.dll
0x00007ff9984f0000 - 0x00007ff998605000 	C:\WINDOWS\System32\RPCRT4.dll
0x00007ff997e40000 - 0x00007ff997e48000 	C:\WINDOWS\System32\PSAPI.DLL
0x00007ff981170000 - 0x00007ff981179000 	C:\WINDOWS\SYSTEM32\WSOCK32.dll
0x00007ff9945c0000 - 0x00007ff9945f4000 	C:\WINDOWS\SYSTEM32\WINMM.dll
0x00007ff98e4f0000 - 0x00007ff98e4fa000 	C:\WINDOWS\SYSTEM32\VERSION.dll
0x00007ff997ec0000 - 0x00007ff997f31000 	C:\WINDOWS\System32\WS2_32.dll
0x00007ff995b50000 - 0x00007ff995b68000 	C:\WINDOWS\SYSTEM32\kernel.appcore.dll
0x00007ff982a60000 - 0x00007ff982a70000 	C:\Users\murad\.jdks\corretto-11.0.11\bin\verify.dll
0x00007ff994380000 - 0x00007ff9945ae000 	C:\WINDOWS\SYSTEM32\DBGHELP.DLL
0x00007ff997f40000 - 0x00007ff9982c9000 	C:\WINDOWS\System32\combase.dll
0x00007ff999570000 - 0x00007ff999647000 	C:\WINDOWS\System32\OLEAUT32.dll
0x00007ff994340000 - 0x00007ff994372000 	C:\WINDOWS\SYSTEM32\dbgcore.DLL
0x00007ff997090000 - 0x00007ff99710b000 	C:\WINDOWS\System32\bcryptPrimitives.dll
0x00007ff95d2e0000 - 0x00007ff95d308000 	C:\Users\murad\.jdks\corretto-11.0.11\bin\java.dll
0x00007ff982940000 - 0x00007ff98294a000 	C:\Users\murad\.jdks\corretto-11.0.11\bin\jimage.dll
0x00007ff95f960000 - 0x00007ff95f977000 	C:\Users\murad\.jdks\corretto-11.0.11\bin\zip.dll
0x00007ff9974b0000 - 0x00007ff997c88000 	C:\WINDOWS\System32\SHELL32.dll
0x00007ff994b20000 - 0x00007ff9953d8000 	C:\WINDOWS\SYSTEM32\windows.storage.dll
0x00007ff9949e0000 - 0x00007ff994b1d000 	C:\WINDOWS\SYSTEM32\wintypes.dll
0x00007ff998390000 - 0x00007ff998481000 	C:\WINDOWS\System32\SHCORE.dll
0x00007ff998cb0000 - 0x00007ff998d0e000 	C:\WINDOWS\System32\shlwapi.dll
0x00007ff996a10000 - 0x00007ff996a31000 	C:\WINDOWS\SYSTEM32\profapi.dll
0x00007ff95f360000 - 0x00007ff95f379000 	C:\Users\murad\.jdks\corretto-11.0.11\bin\net.dll
0x00007ff98f700000 - 0x00007ff98f82f000 	C:\WINDOWS\SYSTEM32\WINHTTP.dll
0x00007ff995fb0000 - 0x00007ff996019000 	C:\WINDOWS\system32\mswsock.dll
0x00007ff95d2c0000 - 0x00007ff95d2d2000 	C:\Users\murad\.jdks\corretto-11.0.11\bin\nio.dll
0x00007ff968180000 - 0x00007ff9681a7000 	C:\Users\murad\.gradle\native\f6784746aeab05261644944871eae4fe03e0ef1612fff0a4a95f87b438bc6780\windows-amd64\native-platform.dll
0x00007ff982920000 - 0x00007ff982929000 	C:\Users\murad\.jdks\corretto-11.0.11\bin\management.dll
0x00007ff982590000 - 0x00007ff98259b000 	C:\Users\murad\.jdks\corretto-11.0.11\bin\management_ext.dll
0x00007ff996200000 - 0x00007ff99621b000 	C:\WINDOWS\SYSTEM32\CRYPTSP.dll
0x00007ff995ac0000 - 0x00007ff995af5000 	C:\WINDOWS\system32\rsaenh.dll
0x00007ff9960b0000 - 0x00007ff9960d8000 	C:\WINDOWS\SYSTEM32\USERENV.dll
0x00007ff9963a0000 - 0x00007ff9963c8000 	C:\WINDOWS\SYSTEM32\bcrypt.dll
0x00007ff996220000 - 0x00007ff99622c000 	C:\WINDOWS\SYSTEM32\CRYPTBASE.dll
0x00007ff995670000 - 0x00007ff99569d000 	C:\WINDOWS\SYSTEM32\IPHLPAPI.DLL
0x00007ff998670000 - 0x00007ff998679000 	C:\WINDOWS\System32\NSI.dll
0x00007ff98fdd0000 - 0x00007ff98fde9000 	C:\WINDOWS\SYSTEM32\dhcpcsvc6.DLL
0x00007ff98fc70000 - 0x00007ff98fc8f000 	C:\WINDOWS\SYSTEM32\dhcpcsvc.DLL
0x00007ff9956a0000 - 0x00007ff995792000 	C:\WINDOWS\SYSTEM32\DNSAPI.dll
0x00007ff993b40000 - 0x00007ff993b4d000 	C:\WINDOWS\SYSTEM32\WINNSI.DLL

dbghelp: loaded successfully - version: 4.0.5 - missing functions: none
symbol engine: initialized successfully - sym options: 0x614 - pdb path: .;C:\Users\murad\.jdks\corretto-11.0.11\bin;C:\WINDOWS\SYSTEM32;C:\WINDOWS\WinSxS\amd64_microsoft.windows.common-controls_6595b64144ccf1df_6.0.22621.1_none_60e502bd9af5bef0;C:\Users\murad\.jdks\corretto-11.0.11\bin\server;C:\Users\murad\.gradle\native\f6784746aeab05261644944871eae4fe03e0ef1612fff0a4a95f87b438bc6780\windows-amd64

VM Arguments:
jvm_args: --add-opens=java.base/java.util=ALL-UNNAMED --add-opens=java.base/java.lang=ALL-UNNAMED --add-opens=java.base/java.lang.invoke=ALL-UNNAMED --add-opens=java.prefs/java.util.prefs=ALL-UNNAMED -Xmx2048m -Dfile.encoding=UTF-8 -Duser.country=RU -Duser.language=ru -Duser.variant 
java_command: org.gradle.launcher.daemon.bootstrap.GradleDaemon 6.5
java_class_path (initial): C:\Users\murad\.gradle\wrapper\dists\gradle-6.5-bin\6nifqtx7604sqp1q6g8wikw7p\gradle-6.5\lib\gradle-launcher-6.5.jar
Launcher Type: SUN_STANDARD

[Global flags]
     intx CICompilerCount                          = 4                                         {product} {ergonomic}
     uint ConcGCThreads                            = 3                                         {product} {ergonomic}
     uint G1ConcRefinementThreads                  = 10                                        {product} {ergonomic}
   size_t G1HeapRegionSize                         = 1048576                                   {product} {ergonomic}
    uintx GCDrainStackTargetSize                   = 64                                        {product} {ergonomic}
   size_t InitialHeapSize                          = 260046848                                 {product} {ergonomic}
   size_t MarkStackSize                            = 4194304                                   {product} {ergonomic}
   size_t MaxHeapSize                              = 2147483648                                {product} {command line}
   size_t MaxNewSize                               = 1287651328                                {product} {ergonomic}
   size_t MinHeapDeltaBytes                        = 1048576                                   {product} {ergonomic}
    uintx NonNMethodCodeHeapSize                   = 5836300                                {pd product} {ergonomic}
    uintx NonProfiledCodeHeapSize                  = 122910970                              {pd product} {ergonomic}
    uintx ProfiledCodeHeapSize                     = 122910970                              {pd product} {ergonomic}
    uintx ReservedCodeCacheSize                    = 251658240                              {pd product} {ergonomic}
     bool SegmentedCodeCache                       = true                                      {product} {ergonomic}
     bool UseCompressedClassPointers               = true                                 {lp64_product} {ergonomic}
     bool UseCompressedOops                        = true                                 {lp64_product} {ergonomic}
     bool UseG1GC                                  = true                                      {product} {ergonomic}
     bool UseLargePagesIndividualAllocation        = false                                  {pd product} {ergonomic}

Logging:
Log output configuration:
 #0: stdout all=warning uptime,level,tags
 #1: stderr all=off uptime,level,tags

Environment Variables:
JAVA_HOME=C:\Program Files\Java\jdk-11.0.14
PATH=C:\Program Files\Common Files\Oracle\Java\javapath;C:\Program Files (x86)\Common Files\Oracle\Java\javapath;C:\Windows\system32;C:\Windows;C:\Windows\System32\Wbem;C:\Windows\System32\WindowsPowerShell\v1.0\;C:\Windows\System32\OpenSSH\;C:\Program Files\Microsoft SQL Server\130\Tools\Binn\;C:\Program Files\Microsoft SQL Server\Client SDK\ODBC\170\Tools\Binn\;C:\Program Files\NVIDIA Corporation\NVIDIA NvDLISR;C:\Program Files (x86)\NVIDIA Corporation\PhysX\Common;C:\Program Files\Git\cmd;C:\Gradle\gradle-7.1.1\bin;C:\Program Files\Java\jdk1.8.0_301;C:\Program Files (x86)\STMicroelectronics\STM32 ST-LINK Utility\ST-LINK Utility;C:\Program Files\dotnet\;D:\PROGRAMS\PuTTY\;C:\Program Files\Microsoft SQL Server\Client SDK\ODBC\110\Tools\Binn\;C:\Program Files (x86)\Microsoft SQL Server\120\Tools\Binn\;C:\Program Files\Microsoft SQL Server\120\Tools\Binn\;C:\Program Files\Microsoft SQL Server\120\DTS\Binn\;C:\Program Files\Docker\Docker\resources\bin;C:\ProgramData\DockerDesktop\version-bin;C:\WINDOWS\system32;C:\WINDOWS;C:\WINDOWS\System32\Wbem;C:\WINDOWS\System32\WindowsPowerShell\v1.0\;C:\WINDOWS\System32\OpenSSH\;C:\Program Files\MATLAB\R2018\runtime\win64;C:\Program Files\MATLAB\R2018\bin;C:\Program Files\Oracle\VirtualBox;C:\Program Files\Microsoft SQL Server\150\Tools\Binn\;D:\PROGRAMS\Matlab\runtime\win64;D:\PROGRAMS\Matlab\bin;%SystemRoot%\system32;%SystemRoot%;%SystemRoot%\System32\Wbem;%SYSTEMROOT%\System32\WindowsPowerShell\v1.0\;%SYSTEMROOT%\System32\OpenSSH\;C:\Users\murad\AppData\Local\Programs\Python\Python39\Scripts\;C:\Users\murad\AppData\Local\Programs\Python\Python39\;C:\Users\murad\AppData\Local\Microsoft\WindowsApps;C:\Users\murad\AppData\Local\Programs\Microsoft VS Code\bin;C:\Program Files\JetBrains\IntelliJ IDEA Community Edition 2021.1.3\bin;;C:\Gradle\gradle-7.1.1\bin;C:\Users\murad\AppData\Local\GitHubDesktop\bin;C:\Users\murad\.dotnet\tools;C:\Program Files\Oracle\VirtualBox;
USERNAME=murad
OS=Windows_NT
PROCESSOR_IDENTIFIER=AMD64 Family 23 Model 96 Stepping 1, AuthenticAMD



---------------  S Y S T E M  ---------------

OS: Windows 10 , 64 bit Build 22621 (10.0.22621.1)
OS uptime: 1 days 12:42 hours

CPU:total 12 (initial active 12) (12 cores per cpu, 2 threads per core) family 23 model 96 stepping 1 microcode 0x0, cmov, cx8, fxsr, mmx, sse, sse2, sse3, ssse3, sse4.1, sse4.2, popcnt, avx, avx2, aes, clmul, mmxext, 3dnowpref, lzcnt, sse4a, ht, tsc, tscinvbit, tscinv, bmi1, bmi2, adx, 

Memory: 4k page, system-wide physical 15789M (2476M free)
TotalPageFile size 22289M (AvailPageFile size 5M)
current process WorkingSet (physical memory assigned to process): 505M, peak: 509M
current process commit charge ("private bytes"): 564M, peak: 566M

vm_info: OpenJDK 64-Bit Server VM (11.0.11+9-LTS) for windows-amd64 JRE (11.0.11+9-LTS), built on Apr 14 2021 00:00:20 by "Administrator" with MS VC++ 15.9 (VS2017)

END.
